18:32:38 INFO  : Registering command handlers for SDK TCF services
18:32:39 INFO  : Launching XSCT server: xsct.bat -interactive E:\ECE315\Lab4\Lab4Proj\lab_4_v0.sdk\temp_xsdb_launch_script.tcl
18:32:41 INFO  : XSCT server has started successfully.
18:32:41 INFO  : Successfully done setting XSCT server connection channel  
18:32:41 INFO  : Successfully done setting SDK workspace  
18:32:41 INFO  : Processing command line option -hwspec E:/ECE315/Lab4/Lab4Proj/lab_4_v0.sdk/design_1_wrapper.hdf.
18:44:34 INFO  : Refreshed build settings on project Lab4
18:45:02 INFO  : No changes in MSS file content so not generating sources.
18:45:32 INFO  : Connected to target on host '127.0.0.1' and port '3121'.
18:45:35 INFO  : Jtag cable 'Digilent Zybo Z7 210351AF2515A' is selected.
18:45:35 INFO  : 'jtag frequency' command is executed.
18:45:35 INFO  : Sourcing of 'E:/ECE315/Lab4/Lab4Proj/lab_4_v0.sdk/design_1_wrapper_hw_platform_0/ps7_init.tcl' is done.
18:45:36 INFO  : Context for 'APU' is selected.
18:45:36 INFO  : System reset is completed.
18:45:39 INFO  : 'after 3000' command is executed.
18:45:41 INFO  : 'targets -set -filter {jtag_cable_name =~ "Digilent Zybo Z7 210351AF2515A" && level==0} -index 1' command is executed.
18:45:42 INFO  : FPGA configured successfully with bitstream "E:/ECE315/Lab4/Lab4Proj/lab_4_v0.sdk/design_1_wrapper_hw_platform_0/design_1_wrapper.bit"
18:45:44 INFO  : Context for 'APU' is selected.
18:45:44 INFO  : Hardware design information is loaded from 'E:/ECE315/Lab4/Lab4Proj/lab_4_v0.sdk/design_1_wrapper_hw_platform_0/system.hdf'.
18:45:44 INFO  : 'configparams force-mem-access 1' command is executed.
18:45:44 INFO  : Context for 'APU' is selected.
18:45:44 INFO  : 'ps7_init' command is executed.
18:45:44 INFO  : 'ps7_post_config' command is executed.
18:45:44 INFO  : Context for processor 'ps7_cortexa9_0' is selected.
18:45:44 INFO  : The application 'E:/ECE315/Lab4/Lab4Proj/lab_4_v0.sdk/Lab4/Debug/Lab4.elf' is downloaded to processor 'ps7_cortexa9_0'.
18:45:44 INFO  : 'configparams force-mem-access 0' command is executed.
18:45:44 INFO  : ----------------XSDB Script----------------
connect -url tcp:127.0.0.1:3121
source E:/ECE315/Lab4/Lab4Proj/lab_4_v0.sdk/design_1_wrapper_hw_platform_0/ps7_init.tcl
targets -set -nocase -filter {name =~"APU*" && jtag_cable_name =~ "Digilent Zybo Z7 210351AF2515A"} -index 0
rst -system
after 3000
targets -set -filter {jtag_cable_name =~ "Digilent Zybo Z7 210351AF2515A" && level==0} -index 1
fpga -file E:/ECE315/Lab4/Lab4Proj/lab_4_v0.sdk/design_1_wrapper_hw_platform_0/design_1_wrapper.bit
targets -set -nocase -filter {name =~"APU*" && jtag_cable_name =~ "Digilent Zybo Z7 210351AF2515A"} -index 0
loadhw -hw E:/ECE315/Lab4/Lab4Proj/lab_4_v0.sdk/design_1_wrapper_hw_platform_0/system.hdf -mem-ranges [list {0x40000000 0xbfffffff}]
configparams force-mem-access 1
targets -set -nocase -filter {name =~"APU*" && jtag_cable_name =~ "Digilent Zybo Z7 210351AF2515A"} -index 0
ps7_init
ps7_post_config
targets -set -nocase -filter {name =~ "ARM*#0" && jtag_cable_name =~ "Digilent Zybo Z7 210351AF2515A"} -index 0
dow E:/ECE315/Lab4/Lab4Proj/lab_4_v0.sdk/Lab4/Debug/Lab4.elf
configparams force-mem-access 0
----------------End of Script----------------

18:45:44 INFO  : Memory regions updated for context APU
18:45:45 INFO  : Context for processor 'ps7_cortexa9_0' is selected.
18:45:45 INFO  : 'con' command is executed.
18:45:45 INFO  : ----------------XSDB Script (After Launch)----------------
targets -set -nocase -filter {name =~ "ARM*#0" && jtag_cable_name =~ "Digilent Zybo Z7 210351AF2515A"} -index 0
con
----------------End of Script----------------

18:45:45 INFO  : Launch script is exported to file 'E:\ECE315\Lab4\Lab4Proj\lab_4_v0.sdk\.sdk\launch_scripts\xilinx_c-c++_application_(system_debugger)\system_debugger_using_debug_lab4.elf_on_local.tcl'
18:46:00 INFO  : Disconnected from the channel tcfchan#1.
18:46:01 INFO  : Connected to target on host '127.0.0.1' and port '3121'.
18:46:02 INFO  : Jtag cable 'Digilent Zybo Z7 210351AF2515A' is selected.
18:46:02 INFO  : 'jtag frequency' command is executed.
18:46:02 INFO  : Sourcing of 'E:/ECE315/Lab4/Lab4Proj/lab_4_v0.sdk/design_1_wrapper_hw_platform_0/ps7_init.tcl' is done.
18:46:02 INFO  : Context for 'APU' is selected.
18:46:02 INFO  : System reset is completed.
18:46:05 INFO  : 'after 3000' command is executed.
18:46:05 INFO  : 'targets -set -filter {jtag_cable_name =~ "Digilent Zybo Z7 210351AF2515A" && level==0} -index 1' command is executed.
18:46:06 INFO  : FPGA configured successfully with bitstream "E:/ECE315/Lab4/Lab4Proj/lab_4_v0.sdk/design_1_wrapper_hw_platform_0/design_1_wrapper.bit"
18:46:06 INFO  : Context for 'APU' is selected.
18:46:07 INFO  : Hardware design information is loaded from 'E:/ECE315/Lab4/Lab4Proj/lab_4_v0.sdk/design_1_wrapper_hw_platform_0/system.hdf'.
18:46:07 INFO  : 'configparams force-mem-access 1' command is executed.
18:46:07 INFO  : Context for 'APU' is selected.
18:46:07 INFO  : 'ps7_init' command is executed.
18:46:07 INFO  : 'ps7_post_config' command is executed.
18:46:07 INFO  : Context for processor 'ps7_cortexa9_0' is selected.
18:46:08 INFO  : The application 'E:/ECE315/Lab4/Lab4Proj/lab_4_v0.sdk/Lab4/Debug/Lab4.elf' is downloaded to processor 'ps7_cortexa9_0'.
18:46:08 INFO  : 'configparams force-mem-access 0' command is executed.
18:46:08 INFO  : ----------------XSDB Script----------------
connect -url tcp:127.0.0.1:3121
source E:/ECE315/Lab4/Lab4Proj/lab_4_v0.sdk/design_1_wrapper_hw_platform_0/ps7_init.tcl
targets -set -nocase -filter {name =~"APU*" && jtag_cable_name =~ "Digilent Zybo Z7 210351AF2515A"} -index 0
rst -system
after 3000
targets -set -filter {jtag_cable_name =~ "Digilent Zybo Z7 210351AF2515A" && level==0} -index 1
fpga -file E:/ECE315/Lab4/Lab4Proj/lab_4_v0.sdk/design_1_wrapper_hw_platform_0/design_1_wrapper.bit
targets -set -nocase -filter {name =~"APU*" && jtag_cable_name =~ "Digilent Zybo Z7 210351AF2515A"} -index 0
loadhw -hw E:/ECE315/Lab4/Lab4Proj/lab_4_v0.sdk/design_1_wrapper_hw_platform_0/system.hdf -mem-ranges [list {0x40000000 0xbfffffff}]
configparams force-mem-access 1
targets -set -nocase -filter {name =~"APU*" && jtag_cable_name =~ "Digilent Zybo Z7 210351AF2515A"} -index 0
ps7_init
ps7_post_config
targets -set -nocase -filter {name =~ "ARM*#0" && jtag_cable_name =~ "Digilent Zybo Z7 210351AF2515A"} -index 0
dow E:/ECE315/Lab4/Lab4Proj/lab_4_v0.sdk/Lab4/Debug/Lab4.elf
configparams force-mem-access 0
----------------End of Script----------------

18:46:08 INFO  : Memory regions updated for context APU
18:46:08 INFO  : Context for processor 'ps7_cortexa9_0' is selected.
18:46:08 INFO  : 'con' command is executed.
18:46:08 INFO  : ----------------XSDB Script (After Launch)----------------
targets -set -nocase -filter {name =~ "ARM*#0" && jtag_cable_name =~ "Digilent Zybo Z7 210351AF2515A"} -index 0
con
----------------End of Script----------------

18:46:08 INFO  : Launch script is exported to file 'E:\ECE315\Lab4\Lab4Proj\lab_4_v0.sdk\.sdk\launch_scripts\xilinx_c-c++_application_(system_debugger)\system_debugger_using_debug_lab4.elf_on_local.tcl'
18:47:49 INFO  : Disconnected from the channel tcfchan#2.
18:47:50 INFO  : Connected to target on host '127.0.0.1' and port '3121'.
18:47:50 INFO  : Jtag cable 'Digilent Zybo Z7 210351AF2515A' is selected.
18:47:50 INFO  : 'jtag frequency' command is executed.
18:47:50 INFO  : Sourcing of 'E:/ECE315/Lab4/Lab4Proj/lab_4_v0.sdk/design_1_wrapper_hw_platform_0/ps7_init.tcl' is done.
18:47:50 INFO  : Context for 'APU' is selected.
18:47:51 INFO  : System reset is completed.
18:47:54 INFO  : 'after 3000' command is executed.
18:47:54 INFO  : 'targets -set -filter {jtag_cable_name =~ "Digilent Zybo Z7 210351AF2515A" && level==0} -index 1' command is executed.
18:47:55 INFO  : FPGA configured successfully with bitstream "E:/ECE315/Lab4/Lab4Proj/lab_4_v0.sdk/design_1_wrapper_hw_platform_0/design_1_wrapper.bit"
18:47:55 INFO  : Context for 'APU' is selected.
18:47:56 INFO  : Hardware design information is loaded from 'E:/ECE315/Lab4/Lab4Proj/lab_4_v0.sdk/design_1_wrapper_hw_platform_0/system.hdf'.
18:47:56 INFO  : 'configparams force-mem-access 1' command is executed.
18:47:56 INFO  : Context for 'APU' is selected.
18:47:56 INFO  : 'ps7_init' command is executed.
18:47:56 INFO  : 'ps7_post_config' command is executed.
18:47:56 INFO  : Context for processor 'ps7_cortexa9_0' is selected.
18:47:56 INFO  : The application 'E:/ECE315/Lab4/Lab4Proj/lab_4_v0.sdk/Lab4/Debug/Lab4.elf' is downloaded to processor 'ps7_cortexa9_0'.
18:47:56 INFO  : 'configparams force-mem-access 0' command is executed.
18:47:56 INFO  : ----------------XSDB Script----------------
connect -url tcp:127.0.0.1:3121
source E:/ECE315/Lab4/Lab4Proj/lab_4_v0.sdk/design_1_wrapper_hw_platform_0/ps7_init.tcl
targets -set -nocase -filter {name =~"APU*" && jtag_cable_name =~ "Digilent Zybo Z7 210351AF2515A"} -index 0
rst -system
after 3000
targets -set -filter {jtag_cable_name =~ "Digilent Zybo Z7 210351AF2515A" && level==0} -index 1
fpga -file E:/ECE315/Lab4/Lab4Proj/lab_4_v0.sdk/design_1_wrapper_hw_platform_0/design_1_wrapper.bit
targets -set -nocase -filter {name =~"APU*" && jtag_cable_name =~ "Digilent Zybo Z7 210351AF2515A"} -index 0
loadhw -hw E:/ECE315/Lab4/Lab4Proj/lab_4_v0.sdk/design_1_wrapper_hw_platform_0/system.hdf -mem-ranges [list {0x40000000 0xbfffffff}]
configparams force-mem-access 1
targets -set -nocase -filter {name =~"APU*" && jtag_cable_name =~ "Digilent Zybo Z7 210351AF2515A"} -index 0
ps7_init
ps7_post_config
targets -set -nocase -filter {name =~ "ARM*#0" && jtag_cable_name =~ "Digilent Zybo Z7 210351AF2515A"} -index 0
dow E:/ECE315/Lab4/Lab4Proj/lab_4_v0.sdk/Lab4/Debug/Lab4.elf
configparams force-mem-access 0
----------------End of Script----------------

18:47:56 INFO  : Memory regions updated for context APU
18:47:56 INFO  : Context for processor 'ps7_cortexa9_0' is selected.
18:47:56 INFO  : 'con' command is executed.
18:47:56 INFO  : ----------------XSDB Script (After Launch)----------------
targets -set -nocase -filter {name =~ "ARM*#0" && jtag_cable_name =~ "Digilent Zybo Z7 210351AF2515A"} -index 0
con
----------------End of Script----------------

18:47:56 INFO  : Launch script is exported to file 'E:\ECE315\Lab4\Lab4Proj\lab_4_v0.sdk\.sdk\launch_scripts\xilinx_c-c++_application_(system_debugger)\system_debugger_using_debug_lab4.elf_on_local.tcl'
19:15:20 INFO  : Disconnected from the channel tcfchan#3.
19:15:21 INFO  : Connected to target on host '127.0.0.1' and port '3121'.
19:15:21 INFO  : Jtag cable 'Digilent Zybo Z7 210351AF2515A' is selected.
19:15:21 INFO  : 'jtag frequency' command is executed.
19:15:21 INFO  : Sourcing of 'E:/ECE315/Lab4/Lab4Proj/lab_4_v0.sdk/design_1_wrapper_hw_platform_0/ps7_init.tcl' is done.
19:15:21 INFO  : Context for 'APU' is selected.
19:15:21 INFO  : System reset is completed.
19:15:24 INFO  : 'after 3000' command is executed.
19:15:24 INFO  : 'targets -set -filter {jtag_cable_name =~ "Digilent Zybo Z7 210351AF2515A" && level==0} -index 1' command is executed.
19:15:26 INFO  : FPGA configured successfully with bitstream "E:/ECE315/Lab4/Lab4Proj/lab_4_v0.sdk/design_1_wrapper_hw_platform_0/design_1_wrapper.bit"
19:15:26 INFO  : Context for 'APU' is selected.
19:15:27 INFO  : Hardware design information is loaded from 'E:/ECE315/Lab4/Lab4Proj/lab_4_v0.sdk/design_1_wrapper_hw_platform_0/system.hdf'.
19:15:27 INFO  : 'configparams force-mem-access 1' command is executed.
19:15:27 INFO  : Context for 'APU' is selected.
19:15:27 INFO  : 'ps7_init' command is executed.
19:15:27 INFO  : 'ps7_post_config' command is executed.
19:15:27 INFO  : Context for processor 'ps7_cortexa9_0' is selected.
19:15:27 INFO  : The application 'E:/ECE315/Lab4/Lab4Proj/lab_4_v0.sdk/Lab4/Debug/Lab4.elf' is downloaded to processor 'ps7_cortexa9_0'.
19:15:27 INFO  : 'configparams force-mem-access 0' command is executed.
19:15:27 INFO  : ----------------XSDB Script----------------
connect -url tcp:127.0.0.1:3121
source E:/ECE315/Lab4/Lab4Proj/lab_4_v0.sdk/design_1_wrapper_hw_platform_0/ps7_init.tcl
targets -set -nocase -filter {name =~"APU*" && jtag_cable_name =~ "Digilent Zybo Z7 210351AF2515A"} -index 0
rst -system
after 3000
targets -set -filter {jtag_cable_name =~ "Digilent Zybo Z7 210351AF2515A" && level==0} -index 1
fpga -file E:/ECE315/Lab4/Lab4Proj/lab_4_v0.sdk/design_1_wrapper_hw_platform_0/design_1_wrapper.bit
targets -set -nocase -filter {name =~"APU*" && jtag_cable_name =~ "Digilent Zybo Z7 210351AF2515A"} -index 0
loadhw -hw E:/ECE315/Lab4/Lab4Proj/lab_4_v0.sdk/design_1_wrapper_hw_platform_0/system.hdf -mem-ranges [list {0x40000000 0xbfffffff}]
configparams force-mem-access 1
targets -set -nocase -filter {name =~"APU*" && jtag_cable_name =~ "Digilent Zybo Z7 210351AF2515A"} -index 0
ps7_init
ps7_post_config
targets -set -nocase -filter {name =~ "ARM*#0" && jtag_cable_name =~ "Digilent Zybo Z7 210351AF2515A"} -index 0
dow E:/ECE315/Lab4/Lab4Proj/lab_4_v0.sdk/Lab4/Debug/Lab4.elf
configparams force-mem-access 0
----------------End of Script----------------

19:15:27 INFO  : Memory regions updated for context APU
19:15:27 INFO  : Context for processor 'ps7_cortexa9_0' is selected.
19:15:27 INFO  : 'con' command is executed.
19:15:27 INFO  : ----------------XSDB Script (After Launch)----------------
targets -set -nocase -filter {name =~ "ARM*#0" && jtag_cable_name =~ "Digilent Zybo Z7 210351AF2515A"} -index 0
con
----------------End of Script----------------

19:15:27 INFO  : Launch script is exported to file 'E:\ECE315\Lab4\Lab4Proj\lab_4_v0.sdk\.sdk\launch_scripts\xilinx_c-c++_application_(system_debugger)\system_debugger_using_debug_lab4.elf_on_local.tcl'
19:20:58 INFO  : Disconnected from the channel tcfchan#4.
19:20:59 INFO  : Connected to target on host '127.0.0.1' and port '3121'.
19:20:59 INFO  : Jtag cable 'Digilent Zybo Z7 210351AF2515A' is selected.
19:20:59 INFO  : 'jtag frequency' command is executed.
19:20:59 INFO  : Sourcing of 'E:/ECE315/Lab4/Lab4Proj/lab_4_v0.sdk/design_1_wrapper_hw_platform_0/ps7_init.tcl' is done.
19:20:59 INFO  : Context for 'APU' is selected.
19:20:59 INFO  : System reset is completed.
19:21:02 INFO  : 'after 3000' command is executed.
19:21:02 INFO  : 'targets -set -filter {jtag_cable_name =~ "Digilent Zybo Z7 210351AF2515A" && level==0} -index 1' command is executed.
19:21:03 INFO  : FPGA configured successfully with bitstream "E:/ECE315/Lab4/Lab4Proj/lab_4_v0.sdk/design_1_wrapper_hw_platform_0/design_1_wrapper.bit"
19:21:03 INFO  : Context for 'APU' is selected.
19:21:04 INFO  : Hardware design information is loaded from 'E:/ECE315/Lab4/Lab4Proj/lab_4_v0.sdk/design_1_wrapper_hw_platform_0/system.hdf'.
19:21:04 INFO  : 'configparams force-mem-access 1' command is executed.
19:21:04 INFO  : Context for 'APU' is selected.
19:21:04 INFO  : 'ps7_init' command is executed.
19:21:04 INFO  : 'ps7_post_config' command is executed.
19:21:04 INFO  : Context for processor 'ps7_cortexa9_0' is selected.
19:21:05 INFO  : The application 'E:/ECE315/Lab4/Lab4Proj/lab_4_v0.sdk/Lab4/Debug/Lab4.elf' is downloaded to processor 'ps7_cortexa9_0'.
19:21:05 INFO  : 'configparams force-mem-access 0' command is executed.
19:21:05 INFO  : ----------------XSDB Script----------------
connect -url tcp:127.0.0.1:3121
source E:/ECE315/Lab4/Lab4Proj/lab_4_v0.sdk/design_1_wrapper_hw_platform_0/ps7_init.tcl
targets -set -nocase -filter {name =~"APU*" && jtag_cable_name =~ "Digilent Zybo Z7 210351AF2515A"} -index 0
rst -system
after 3000
targets -set -filter {jtag_cable_name =~ "Digilent Zybo Z7 210351AF2515A" && level==0} -index 1
fpga -file E:/ECE315/Lab4/Lab4Proj/lab_4_v0.sdk/design_1_wrapper_hw_platform_0/design_1_wrapper.bit
targets -set -nocase -filter {name =~"APU*" && jtag_cable_name =~ "Digilent Zybo Z7 210351AF2515A"} -index 0
loadhw -hw E:/ECE315/Lab4/Lab4Proj/lab_4_v0.sdk/design_1_wrapper_hw_platform_0/system.hdf -mem-ranges [list {0x40000000 0xbfffffff}]
configparams force-mem-access 1
targets -set -nocase -filter {name =~"APU*" && jtag_cable_name =~ "Digilent Zybo Z7 210351AF2515A"} -index 0
ps7_init
ps7_post_config
targets -set -nocase -filter {name =~ "ARM*#0" && jtag_cable_name =~ "Digilent Zybo Z7 210351AF2515A"} -index 0
dow E:/ECE315/Lab4/Lab4Proj/lab_4_v0.sdk/Lab4/Debug/Lab4.elf
configparams force-mem-access 0
----------------End of Script----------------

19:21:05 INFO  : Memory regions updated for context APU
19:21:05 INFO  : Context for processor 'ps7_cortexa9_0' is selected.
19:21:05 INFO  : 'con' command is executed.
19:21:05 INFO  : ----------------XSDB Script (After Launch)----------------
targets -set -nocase -filter {name =~ "ARM*#0" && jtag_cable_name =~ "Digilent Zybo Z7 210351AF2515A"} -index 0
con
----------------End of Script----------------

19:21:05 INFO  : Launch script is exported to file 'E:\ECE315\Lab4\Lab4Proj\lab_4_v0.sdk\.sdk\launch_scripts\xilinx_c-c++_application_(system_debugger)\system_debugger_using_debug_lab4.elf_on_local.tcl'
21:15:57 INFO  : Disconnected from the channel tcfchan#5.
21:15:58 INFO  : Connected to target on host '127.0.0.1' and port '3121'.
21:15:58 INFO  : Jtag cable 'Digilent Zybo Z7 210351AF2515A' is selected.
21:15:58 INFO  : 'jtag frequency' command is executed.
21:15:58 INFO  : Sourcing of 'E:/ECE315/Lab4/Lab4Proj/lab_4_v0.sdk/design_1_wrapper_hw_platform_0/ps7_init.tcl' is done.
21:15:58 INFO  : Context for 'APU' is selected.
21:15:58 INFO  : System reset is completed.
21:16:01 INFO  : 'after 3000' command is executed.
21:16:01 INFO  : 'targets -set -filter {jtag_cable_name =~ "Digilent Zybo Z7 210351AF2515A" && level==0} -index 1' command is executed.
21:16:03 INFO  : FPGA configured successfully with bitstream "E:/ECE315/Lab4/Lab4Proj/lab_4_v0.sdk/design_1_wrapper_hw_platform_0/design_1_wrapper.bit"
21:16:03 INFO  : Context for 'APU' is selected.
21:16:04 INFO  : Hardware design information is loaded from 'E:/ECE315/Lab4/Lab4Proj/lab_4_v0.sdk/design_1_wrapper_hw_platform_0/system.hdf'.
21:16:04 INFO  : 'configparams force-mem-access 1' command is executed.
21:16:04 INFO  : Context for 'APU' is selected.
21:16:04 INFO  : 'ps7_init' command is executed.
21:16:04 INFO  : 'ps7_post_config' command is executed.
21:16:04 INFO  : Context for processor 'ps7_cortexa9_0' is selected.
21:16:04 INFO  : The application 'E:/ECE315/Lab4/Lab4Proj/lab_4_v0.sdk/Lab4/Debug/Lab4.elf' is downloaded to processor 'ps7_cortexa9_0'.
21:16:04 INFO  : 'configparams force-mem-access 0' command is executed.
21:16:04 INFO  : ----------------XSDB Script----------------
connect -url tcp:127.0.0.1:3121
source E:/ECE315/Lab4/Lab4Proj/lab_4_v0.sdk/design_1_wrapper_hw_platform_0/ps7_init.tcl
targets -set -nocase -filter {name =~"APU*" && jtag_cable_name =~ "Digilent Zybo Z7 210351AF2515A"} -index 0
rst -system
after 3000
targets -set -filter {jtag_cable_name =~ "Digilent Zybo Z7 210351AF2515A" && level==0} -index 1
fpga -file E:/ECE315/Lab4/Lab4Proj/lab_4_v0.sdk/design_1_wrapper_hw_platform_0/design_1_wrapper.bit
targets -set -nocase -filter {name =~"APU*" && jtag_cable_name =~ "Digilent Zybo Z7 210351AF2515A"} -index 0
loadhw -hw E:/ECE315/Lab4/Lab4Proj/lab_4_v0.sdk/design_1_wrapper_hw_platform_0/system.hdf -mem-ranges [list {0x40000000 0xbfffffff}]
configparams force-mem-access 1
targets -set -nocase -filter {name =~"APU*" && jtag_cable_name =~ "Digilent Zybo Z7 210351AF2515A"} -index 0
ps7_init
ps7_post_config
targets -set -nocase -filter {name =~ "ARM*#0" && jtag_cable_name =~ "Digilent Zybo Z7 210351AF2515A"} -index 0
dow E:/ECE315/Lab4/Lab4Proj/lab_4_v0.sdk/Lab4/Debug/Lab4.elf
configparams force-mem-access 0
----------------End of Script----------------

21:16:04 INFO  : Memory regions updated for context APU
21:16:04 INFO  : Context for processor 'ps7_cortexa9_0' is selected.
21:16:04 INFO  : 'con' command is executed.
21:16:04 INFO  : ----------------XSDB Script (After Launch)----------------
targets -set -nocase -filter {name =~ "ARM*#0" && jtag_cable_name =~ "Digilent Zybo Z7 210351AF2515A"} -index 0
con
----------------End of Script----------------

21:16:04 INFO  : Launch script is exported to file 'E:\ECE315\Lab4\Lab4Proj\lab_4_v0.sdk\.sdk\launch_scripts\xilinx_c-c++_application_(system_debugger)\system_debugger_using_debug_lab4.elf_on_local.tcl'
21:27:12 INFO  : Disconnected from the channel tcfchan#6.
21:27:13 INFO  : Connected to target on host '127.0.0.1' and port '3121'.
21:27:13 INFO  : Jtag cable 'Digilent Zybo Z7 210351AF2515A' is selected.
21:27:13 INFO  : 'jtag frequency' command is executed.
21:27:13 INFO  : Sourcing of 'E:/ECE315/Lab4/Lab4Proj/lab_4_v0.sdk/design_1_wrapper_hw_platform_0/ps7_init.tcl' is done.
21:27:13 INFO  : Context for 'APU' is selected.
21:27:13 INFO  : System reset is completed.
21:27:16 INFO  : 'after 3000' command is executed.
21:27:16 INFO  : 'targets -set -filter {jtag_cable_name =~ "Digilent Zybo Z7 210351AF2515A" && level==0} -index 1' command is executed.
21:27:17 INFO  : FPGA configured successfully with bitstream "E:/ECE315/Lab4/Lab4Proj/lab_4_v0.sdk/design_1_wrapper_hw_platform_0/design_1_wrapper.bit"
21:27:17 INFO  : Context for 'APU' is selected.
21:27:18 INFO  : Hardware design information is loaded from 'E:/ECE315/Lab4/Lab4Proj/lab_4_v0.sdk/design_1_wrapper_hw_platform_0/system.hdf'.
21:27:18 INFO  : 'configparams force-mem-access 1' command is executed.
21:27:18 INFO  : Context for 'APU' is selected.
21:27:19 INFO  : 'ps7_init' command is executed.
21:27:19 INFO  : 'ps7_post_config' command is executed.
21:27:19 INFO  : Context for processor 'ps7_cortexa9_0' is selected.
21:27:19 INFO  : The application 'E:/ECE315/Lab4/Lab4Proj/lab_4_v0.sdk/Lab4/Debug/Lab4.elf' is downloaded to processor 'ps7_cortexa9_0'.
21:27:19 INFO  : 'configparams force-mem-access 0' command is executed.
21:27:19 INFO  : ----------------XSDB Script----------------
connect -url tcp:127.0.0.1:3121
source E:/ECE315/Lab4/Lab4Proj/lab_4_v0.sdk/design_1_wrapper_hw_platform_0/ps7_init.tcl
targets -set -nocase -filter {name =~"APU*" && jtag_cable_name =~ "Digilent Zybo Z7 210351AF2515A"} -index 0
rst -system
after 3000
targets -set -filter {jtag_cable_name =~ "Digilent Zybo Z7 210351AF2515A" && level==0} -index 1
fpga -file E:/ECE315/Lab4/Lab4Proj/lab_4_v0.sdk/design_1_wrapper_hw_platform_0/design_1_wrapper.bit
targets -set -nocase -filter {name =~"APU*" && jtag_cable_name =~ "Digilent Zybo Z7 210351AF2515A"} -index 0
loadhw -hw E:/ECE315/Lab4/Lab4Proj/lab_4_v0.sdk/design_1_wrapper_hw_platform_0/system.hdf -mem-ranges [list {0x40000000 0xbfffffff}]
configparams force-mem-access 1
targets -set -nocase -filter {name =~"APU*" && jtag_cable_name =~ "Digilent Zybo Z7 210351AF2515A"} -index 0
ps7_init
ps7_post_config
targets -set -nocase -filter {name =~ "ARM*#0" && jtag_cable_name =~ "Digilent Zybo Z7 210351AF2515A"} -index 0
dow E:/ECE315/Lab4/Lab4Proj/lab_4_v0.sdk/Lab4/Debug/Lab4.elf
configparams force-mem-access 0
----------------End of Script----------------

21:27:19 INFO  : Memory regions updated for context APU
21:27:19 INFO  : Context for processor 'ps7_cortexa9_0' is selected.
21:27:19 INFO  : 'con' command is executed.
21:27:19 INFO  : ----------------XSDB Script (After Launch)----------------
targets -set -nocase -filter {name =~ "ARM*#0" && jtag_cable_name =~ "Digilent Zybo Z7 210351AF2515A"} -index 0
con
----------------End of Script----------------

21:27:19 INFO  : Launch script is exported to file 'E:\ECE315\Lab4\Lab4Proj\lab_4_v0.sdk\.sdk\launch_scripts\xilinx_c-c++_application_(system_debugger)\system_debugger_using_debug_lab4.elf_on_local.tcl'
22:49:16 INFO  : Disconnected from the channel tcfchan#7.
22:49:17 INFO  : Connected to target on host '127.0.0.1' and port '3121'.
22:49:17 INFO  : Jtag cable 'Digilent Zybo Z7 210351AF2515A' is selected.
22:49:17 INFO  : 'jtag frequency' command is executed.
22:49:17 INFO  : Sourcing of 'E:/ECE315/Lab4/Lab4Proj/lab_4_v0.sdk/design_1_wrapper_hw_platform_0/ps7_init.tcl' is done.
22:49:17 INFO  : Context for 'APU' is selected.
22:49:17 INFO  : System reset is completed.
22:49:20 INFO  : 'after 3000' command is executed.
22:49:21 INFO  : 'targets -set -filter {jtag_cable_name =~ "Digilent Zybo Z7 210351AF2515A" && level==0} -index 1' command is executed.
22:49:22 INFO  : FPGA configured successfully with bitstream "E:/ECE315/Lab4/Lab4Proj/lab_4_v0.sdk/design_1_wrapper_hw_platform_0/design_1_wrapper.bit"
22:49:22 INFO  : Context for 'APU' is selected.
22:49:23 INFO  : Hardware design information is loaded from 'E:/ECE315/Lab4/Lab4Proj/lab_4_v0.sdk/design_1_wrapper_hw_platform_0/system.hdf'.
22:49:23 INFO  : 'configparams force-mem-access 1' command is executed.
22:49:23 INFO  : Context for 'APU' is selected.
22:49:23 INFO  : 'ps7_init' command is executed.
22:49:23 INFO  : 'ps7_post_config' command is executed.
22:49:23 INFO  : Context for processor 'ps7_cortexa9_0' is selected.
22:49:23 INFO  : The application 'E:/ECE315/Lab4/Lab4Proj/lab_4_v0.sdk/Lab4/Debug/Lab4.elf' is downloaded to processor 'ps7_cortexa9_0'.
22:49:23 INFO  : 'configparams force-mem-access 0' command is executed.
22:49:23 INFO  : ----------------XSDB Script----------------
connect -url tcp:127.0.0.1:3121
source E:/ECE315/Lab4/Lab4Proj/lab_4_v0.sdk/design_1_wrapper_hw_platform_0/ps7_init.tcl
targets -set -nocase -filter {name =~"APU*" && jtag_cable_name =~ "Digilent Zybo Z7 210351AF2515A"} -index 0
rst -system
after 3000
targets -set -filter {jtag_cable_name =~ "Digilent Zybo Z7 210351AF2515A" && level==0} -index 1
fpga -file E:/ECE315/Lab4/Lab4Proj/lab_4_v0.sdk/design_1_wrapper_hw_platform_0/design_1_wrapper.bit
targets -set -nocase -filter {name =~"APU*" && jtag_cable_name =~ "Digilent Zybo Z7 210351AF2515A"} -index 0
loadhw -hw E:/ECE315/Lab4/Lab4Proj/lab_4_v0.sdk/design_1_wrapper_hw_platform_0/system.hdf -mem-ranges [list {0x40000000 0xbfffffff}]
configparams force-mem-access 1
targets -set -nocase -filter {name =~"APU*" && jtag_cable_name =~ "Digilent Zybo Z7 210351AF2515A"} -index 0
ps7_init
ps7_post_config
targets -set -nocase -filter {name =~ "ARM*#0" && jtag_cable_name =~ "Digilent Zybo Z7 210351AF2515A"} -index 0
dow E:/ECE315/Lab4/Lab4Proj/lab_4_v0.sdk/Lab4/Debug/Lab4.elf
configparams force-mem-access 0
----------------End of Script----------------

22:49:23 INFO  : Memory regions updated for context APU
22:49:23 INFO  : Context for processor 'ps7_cortexa9_0' is selected.
22:49:23 INFO  : 'con' command is executed.
22:49:23 INFO  : ----------------XSDB Script (After Launch)----------------
targets -set -nocase -filter {name =~ "ARM*#0" && jtag_cable_name =~ "Digilent Zybo Z7 210351AF2515A"} -index 0
con
----------------End of Script----------------

22:49:23 INFO  : Launch script is exported to file 'E:\ECE315\Lab4\Lab4Proj\lab_4_v0.sdk\.sdk\launch_scripts\xilinx_c-c++_application_(system_debugger)\system_debugger_using_debug_lab4.elf_on_local.tcl'
22:58:25 INFO  : Disconnected from the channel tcfchan#8.
22:58:26 INFO  : Connected to target on host '127.0.0.1' and port '3121'.
22:58:26 INFO  : Jtag cable 'Digilent Zybo Z7 210351AF2515A' is selected.
22:58:26 INFO  : 'jtag frequency' command is executed.
22:58:26 INFO  : Sourcing of 'E:/ECE315/Lab4/Lab4Proj/lab_4_v0.sdk/design_1_wrapper_hw_platform_0/ps7_init.tcl' is done.
22:58:26 INFO  : Context for 'APU' is selected.
22:58:27 INFO  : System reset is completed.
22:58:30 INFO  : 'after 3000' command is executed.
22:58:30 INFO  : 'targets -set -filter {jtag_cable_name =~ "Digilent Zybo Z7 210351AF2515A" && level==0} -index 1' command is executed.
22:58:31 INFO  : FPGA configured successfully with bitstream "E:/ECE315/Lab4/Lab4Proj/lab_4_v0.sdk/design_1_wrapper_hw_platform_0/design_1_wrapper.bit"
22:58:31 INFO  : Context for 'APU' is selected.
22:58:32 INFO  : Hardware design information is loaded from 'E:/ECE315/Lab4/Lab4Proj/lab_4_v0.sdk/design_1_wrapper_hw_platform_0/system.hdf'.
22:58:32 INFO  : 'configparams force-mem-access 1' command is executed.
22:58:32 INFO  : Context for 'APU' is selected.
22:58:32 INFO  : 'ps7_init' command is executed.
22:58:32 INFO  : 'ps7_post_config' command is executed.
22:58:32 INFO  : Context for processor 'ps7_cortexa9_0' is selected.
22:58:32 INFO  : The application 'E:/ECE315/Lab4/Lab4Proj/lab_4_v0.sdk/Lab4/Debug/Lab4.elf' is downloaded to processor 'ps7_cortexa9_0'.
22:58:32 INFO  : 'configparams force-mem-access 0' command is executed.
22:58:32 INFO  : ----------------XSDB Script----------------
connect -url tcp:127.0.0.1:3121
source E:/ECE315/Lab4/Lab4Proj/lab_4_v0.sdk/design_1_wrapper_hw_platform_0/ps7_init.tcl
targets -set -nocase -filter {name =~"APU*" && jtag_cable_name =~ "Digilent Zybo Z7 210351AF2515A"} -index 0
rst -system
after 3000
targets -set -filter {jtag_cable_name =~ "Digilent Zybo Z7 210351AF2515A" && level==0} -index 1
fpga -file E:/ECE315/Lab4/Lab4Proj/lab_4_v0.sdk/design_1_wrapper_hw_platform_0/design_1_wrapper.bit
targets -set -nocase -filter {name =~"APU*" && jtag_cable_name =~ "Digilent Zybo Z7 210351AF2515A"} -index 0
loadhw -hw E:/ECE315/Lab4/Lab4Proj/lab_4_v0.sdk/design_1_wrapper_hw_platform_0/system.hdf -mem-ranges [list {0x40000000 0xbfffffff}]
configparams force-mem-access 1
targets -set -nocase -filter {name =~"APU*" && jtag_cable_name =~ "Digilent Zybo Z7 210351AF2515A"} -index 0
ps7_init
ps7_post_config
targets -set -nocase -filter {name =~ "ARM*#0" && jtag_cable_name =~ "Digilent Zybo Z7 210351AF2515A"} -index 0
dow E:/ECE315/Lab4/Lab4Proj/lab_4_v0.sdk/Lab4/Debug/Lab4.elf
configparams force-mem-access 0
----------------End of Script----------------

22:58:32 INFO  : Memory regions updated for context APU
22:58:32 INFO  : Context for processor 'ps7_cortexa9_0' is selected.
22:58:32 INFO  : 'con' command is executed.
22:58:32 INFO  : ----------------XSDB Script (After Launch)----------------
targets -set -nocase -filter {name =~ "ARM*#0" && jtag_cable_name =~ "Digilent Zybo Z7 210351AF2515A"} -index 0
con
----------------End of Script----------------

22:58:32 INFO  : Launch script is exported to file 'E:\ECE315\Lab4\Lab4Proj\lab_4_v0.sdk\.sdk\launch_scripts\xilinx_c-c++_application_(system_debugger)\system_debugger_using_debug_lab4.elf_on_local.tcl'
23:00:39 INFO  : Disconnected from the channel tcfchan#9.
23:00:40 INFO  : Connected to target on host '127.0.0.1' and port '3121'.
23:00:41 INFO  : Jtag cable 'Digilent Zybo Z7 210351AF2515A' is selected.
23:00:41 INFO  : 'jtag frequency' command is executed.
23:00:41 INFO  : Sourcing of 'E:/ECE315/Lab4/Lab4Proj/lab_4_v0.sdk/design_1_wrapper_hw_platform_0/ps7_init.tcl' is done.
23:00:41 INFO  : Context for 'APU' is selected.
23:00:41 INFO  : System reset is completed.
23:00:44 INFO  : 'after 3000' command is executed.
23:00:44 INFO  : 'targets -set -filter {jtag_cable_name =~ "Digilent Zybo Z7 210351AF2515A" && level==0} -index 1' command is executed.
23:00:45 INFO  : FPGA configured successfully with bitstream "E:/ECE315/Lab4/Lab4Proj/lab_4_v0.sdk/design_1_wrapper_hw_platform_0/design_1_wrapper.bit"
23:00:45 INFO  : Context for 'APU' is selected.
23:00:46 INFO  : Hardware design information is loaded from 'E:/ECE315/Lab4/Lab4Proj/lab_4_v0.sdk/design_1_wrapper_hw_platform_0/system.hdf'.
23:00:46 INFO  : 'configparams force-mem-access 1' command is executed.
23:00:46 INFO  : Context for 'APU' is selected.
23:00:46 INFO  : 'ps7_init' command is executed.
23:00:46 INFO  : 'ps7_post_config' command is executed.
23:00:46 INFO  : Context for processor 'ps7_cortexa9_0' is selected.
23:00:47 INFO  : The application 'E:/ECE315/Lab4/Lab4Proj/lab_4_v0.sdk/Lab4/Debug/Lab4.elf' is downloaded to processor 'ps7_cortexa9_0'.
23:00:47 INFO  : 'configparams force-mem-access 0' command is executed.
23:00:47 INFO  : ----------------XSDB Script----------------
connect -url tcp:127.0.0.1:3121
source E:/ECE315/Lab4/Lab4Proj/lab_4_v0.sdk/design_1_wrapper_hw_platform_0/ps7_init.tcl
targets -set -nocase -filter {name =~"APU*" && jtag_cable_name =~ "Digilent Zybo Z7 210351AF2515A"} -index 0
rst -system
after 3000
targets -set -filter {jtag_cable_name =~ "Digilent Zybo Z7 210351AF2515A" && level==0} -index 1
fpga -file E:/ECE315/Lab4/Lab4Proj/lab_4_v0.sdk/design_1_wrapper_hw_platform_0/design_1_wrapper.bit
targets -set -nocase -filter {name =~"APU*" && jtag_cable_name =~ "Digilent Zybo Z7 210351AF2515A"} -index 0
loadhw -hw E:/ECE315/Lab4/Lab4Proj/lab_4_v0.sdk/design_1_wrapper_hw_platform_0/system.hdf -mem-ranges [list {0x40000000 0xbfffffff}]
configparams force-mem-access 1
targets -set -nocase -filter {name =~"APU*" && jtag_cable_name =~ "Digilent Zybo Z7 210351AF2515A"} -index 0
ps7_init
ps7_post_config
targets -set -nocase -filter {name =~ "ARM*#0" && jtag_cable_name =~ "Digilent Zybo Z7 210351AF2515A"} -index 0
dow E:/ECE315/Lab4/Lab4Proj/lab_4_v0.sdk/Lab4/Debug/Lab4.elf
configparams force-mem-access 0
----------------End of Script----------------

23:00:47 INFO  : Memory regions updated for context APU
23:00:47 INFO  : Context for processor 'ps7_cortexa9_0' is selected.
23:00:47 INFO  : 'con' command is executed.
23:00:47 INFO  : ----------------XSDB Script (After Launch)----------------
targets -set -nocase -filter {name =~ "ARM*#0" && jtag_cable_name =~ "Digilent Zybo Z7 210351AF2515A"} -index 0
con
----------------End of Script----------------

23:00:47 INFO  : Launch script is exported to file 'E:\ECE315\Lab4\Lab4Proj\lab_4_v0.sdk\.sdk\launch_scripts\xilinx_c-c++_application_(system_debugger)\system_debugger_using_debug_lab4.elf_on_local.tcl'
23:05:19 INFO  : Disconnected from the channel tcfchan#10.
23:05:20 INFO  : Connected to target on host '127.0.0.1' and port '3121'.
23:05:20 INFO  : Jtag cable 'Digilent Zybo Z7 210351AF2515A' is selected.
23:05:20 INFO  : 'jtag frequency' command is executed.
23:05:20 INFO  : Sourcing of 'E:/ECE315/Lab4/Lab4Proj/lab_4_v0.sdk/design_1_wrapper_hw_platform_0/ps7_init.tcl' is done.
23:05:20 INFO  : Context for 'APU' is selected.
23:05:20 INFO  : System reset is completed.
23:05:23 INFO  : 'after 3000' command is executed.
23:05:23 INFO  : 'targets -set -filter {jtag_cable_name =~ "Digilent Zybo Z7 210351AF2515A" && level==0} -index 1' command is executed.
23:05:25 INFO  : FPGA configured successfully with bitstream "E:/ECE315/Lab4/Lab4Proj/lab_4_v0.sdk/design_1_wrapper_hw_platform_0/design_1_wrapper.bit"
23:05:25 INFO  : Context for 'APU' is selected.
23:05:26 INFO  : Hardware design information is loaded from 'E:/ECE315/Lab4/Lab4Proj/lab_4_v0.sdk/design_1_wrapper_hw_platform_0/system.hdf'.
23:05:26 INFO  : 'configparams force-mem-access 1' command is executed.
23:05:26 INFO  : Context for 'APU' is selected.
23:05:26 INFO  : 'ps7_init' command is executed.
23:05:26 INFO  : 'ps7_post_config' command is executed.
23:05:26 INFO  : Context for processor 'ps7_cortexa9_0' is selected.
23:05:26 INFO  : The application 'E:/ECE315/Lab4/Lab4Proj/lab_4_v0.sdk/Lab4/Debug/Lab4.elf' is downloaded to processor 'ps7_cortexa9_0'.
23:05:26 INFO  : 'configparams force-mem-access 0' command is executed.
23:05:26 INFO  : ----------------XSDB Script----------------
connect -url tcp:127.0.0.1:3121
source E:/ECE315/Lab4/Lab4Proj/lab_4_v0.sdk/design_1_wrapper_hw_platform_0/ps7_init.tcl
targets -set -nocase -filter {name =~"APU*" && jtag_cable_name =~ "Digilent Zybo Z7 210351AF2515A"} -index 0
rst -system
after 3000
targets -set -filter {jtag_cable_name =~ "Digilent Zybo Z7 210351AF2515A" && level==0} -index 1
fpga -file E:/ECE315/Lab4/Lab4Proj/lab_4_v0.sdk/design_1_wrapper_hw_platform_0/design_1_wrapper.bit
targets -set -nocase -filter {name =~"APU*" && jtag_cable_name =~ "Digilent Zybo Z7 210351AF2515A"} -index 0
loadhw -hw E:/ECE315/Lab4/Lab4Proj/lab_4_v0.sdk/design_1_wrapper_hw_platform_0/system.hdf -mem-ranges [list {0x40000000 0xbfffffff}]
configparams force-mem-access 1
targets -set -nocase -filter {name =~"APU*" && jtag_cable_name =~ "Digilent Zybo Z7 210351AF2515A"} -index 0
ps7_init
ps7_post_config
targets -set -nocase -filter {name =~ "ARM*#0" && jtag_cable_name =~ "Digilent Zybo Z7 210351AF2515A"} -index 0
dow E:/ECE315/Lab4/Lab4Proj/lab_4_v0.sdk/Lab4/Debug/Lab4.elf
configparams force-mem-access 0
----------------End of Script----------------

23:05:26 INFO  : Memory regions updated for context APU
23:05:26 INFO  : Context for processor 'ps7_cortexa9_0' is selected.
23:05:26 INFO  : 'con' command is executed.
23:05:26 INFO  : ----------------XSDB Script (After Launch)----------------
targets -set -nocase -filter {name =~ "ARM*#0" && jtag_cable_name =~ "Digilent Zybo Z7 210351AF2515A"} -index 0
con
----------------End of Script----------------

23:05:26 INFO  : Launch script is exported to file 'E:\ECE315\Lab4\Lab4Proj\lab_4_v0.sdk\.sdk\launch_scripts\xilinx_c-c++_application_(system_debugger)\system_debugger_using_debug_lab4.elf_on_local.tcl'
23:10:21 INFO  : Disconnected from the channel tcfchan#11.
22:33:37 INFO  : Registering command handlers for SDK TCF services
22:33:37 INFO  : Launching XSCT server: xsct.bat -interactive E:\ECE315\Lab4\Lab4Proj\lab_4_v0.sdk\temp_xsdb_launch_script.tcl
22:33:40 INFO  : XSCT server has started successfully.
22:33:40 INFO  : Successfully done setting XSCT server connection channel  
22:33:40 INFO  : Successfully done setting SDK workspace  
22:33:40 INFO  : Processing command line option -hwspec E:/ECE315/Lab4/Lab4Proj/lab_4_v0.sdk/design_1_wrapper.hdf.
22:33:40 INFO  : Checking for hwspec changes in the project design_1_wrapper_hw_platform_0.
22:36:34 INFO  : Connected to target on host '127.0.0.1' and port '3121'.
22:36:35 INFO  : Jtag cable 'Digilent Zybo Z7 210351AF2515A' is selected.
22:36:35 INFO  : 'jtag frequency' command is executed.
22:36:35 INFO  : Sourcing of 'E:/ECE315/Lab4/Lab4Proj/lab_4_v0.sdk/design_1_wrapper_hw_platform_0/ps7_init.tcl' is done.
22:36:35 INFO  : Context for 'APU' is selected.
22:36:35 INFO  : System reset is completed.
22:36:38 INFO  : 'after 3000' command is executed.
22:36:38 INFO  : 'targets -set -filter {jtag_cable_name =~ "Digilent Zybo Z7 210351AF2515A" && level==0} -index 1' command is executed.
22:36:39 INFO  : FPGA configured successfully with bitstream "E:/ECE315/Lab4/Lab4Proj/lab_4_v0.sdk/design_1_wrapper_hw_platform_0/design_1_wrapper.bit"
22:36:39 INFO  : Context for 'APU' is selected.
22:36:39 INFO  : Hardware design information is loaded from 'E:/ECE315/Lab4/Lab4Proj/lab_4_v0.sdk/design_1_wrapper_hw_platform_0/system.hdf'.
22:36:39 INFO  : 'configparams force-mem-access 1' command is executed.
22:36:39 INFO  : Context for 'APU' is selected.
22:36:40 INFO  : 'ps7_init' command is executed.
22:36:40 INFO  : 'ps7_post_config' command is executed.
22:36:40 INFO  : Context for processor 'ps7_cortexa9_0' is selected.
22:36:40 INFO  : The application 'E:/ECE315/Lab4/Lab4Proj/lab_4_v0.sdk/Lab4/Debug/Lab4.elf' is downloaded to processor 'ps7_cortexa9_0'.
22:36:40 INFO  : 'configparams force-mem-access 0' command is executed.
22:36:40 INFO  : ----------------XSDB Script----------------
connect -url tcp:127.0.0.1:3121
source E:/ECE315/Lab4/Lab4Proj/lab_4_v0.sdk/design_1_wrapper_hw_platform_0/ps7_init.tcl
targets -set -nocase -filter {name =~"APU*" && jtag_cable_name =~ "Digilent Zybo Z7 210351AF2515A"} -index 0
rst -system
after 3000
targets -set -filter {jtag_cable_name =~ "Digilent Zybo Z7 210351AF2515A" && level==0} -index 1
fpga -file E:/ECE315/Lab4/Lab4Proj/lab_4_v0.sdk/design_1_wrapper_hw_platform_0/design_1_wrapper.bit
targets -set -nocase -filter {name =~"APU*" && jtag_cable_name =~ "Digilent Zybo Z7 210351AF2515A"} -index 0
loadhw -hw E:/ECE315/Lab4/Lab4Proj/lab_4_v0.sdk/design_1_wrapper_hw_platform_0/system.hdf -mem-ranges [list {0x40000000 0xbfffffff}]
configparams force-mem-access 1
targets -set -nocase -filter {name =~"APU*" && jtag_cable_name =~ "Digilent Zybo Z7 210351AF2515A"} -index 0
ps7_init
ps7_post_config
targets -set -nocase -filter {name =~ "ARM*#0" && jtag_cable_name =~ "Digilent Zybo Z7 210351AF2515A"} -index 0
dow E:/ECE315/Lab4/Lab4Proj/lab_4_v0.sdk/Lab4/Debug/Lab4.elf
configparams force-mem-access 0
----------------End of Script----------------

22:36:40 INFO  : Memory regions updated for context APU
22:36:40 INFO  : Context for processor 'ps7_cortexa9_0' is selected.
22:36:40 INFO  : 'con' command is executed.
22:36:40 INFO  : ----------------XSDB Script (After Launch)----------------
targets -set -nocase -filter {name =~ "ARM*#0" && jtag_cable_name =~ "Digilent Zybo Z7 210351AF2515A"} -index 0
con
----------------End of Script----------------

22:36:40 INFO  : Launch script is exported to file 'E:\ECE315\Lab4\Lab4Proj\lab_4_v0.sdk\.sdk\launch_scripts\xilinx_c-c++_application_(system_debugger)\system_debugger_using_debug_lab4.elf_on_local.tcl'
22:39:40 INFO  : Disconnected from the channel tcfchan#1.
22:39:41 INFO  : Connected to target on host '127.0.0.1' and port '3121'.
22:39:41 INFO  : Jtag cable 'Digilent Zybo Z7 210351AF2515A' is selected.
22:39:41 INFO  : 'jtag frequency' command is executed.
22:39:41 INFO  : Sourcing of 'E:/ECE315/Lab4/Lab4Proj/lab_4_v0.sdk/design_1_wrapper_hw_platform_0/ps7_init.tcl' is done.
22:39:41 INFO  : Context for 'APU' is selected.
22:39:41 INFO  : System reset is completed.
22:39:44 INFO  : 'after 3000' command is executed.
22:39:44 INFO  : 'targets -set -filter {jtag_cable_name =~ "Digilent Zybo Z7 210351AF2515A" && level==0} -index 1' command is executed.
22:39:46 INFO  : FPGA configured successfully with bitstream "E:/ECE315/Lab4/Lab4Proj/lab_4_v0.sdk/design_1_wrapper_hw_platform_0/design_1_wrapper.bit"
22:39:46 INFO  : Context for 'APU' is selected.
22:39:47 INFO  : Hardware design information is loaded from 'E:/ECE315/Lab4/Lab4Proj/lab_4_v0.sdk/design_1_wrapper_hw_platform_0/system.hdf'.
22:39:47 INFO  : 'configparams force-mem-access 1' command is executed.
22:39:47 INFO  : Context for 'APU' is selected.
22:39:47 INFO  : 'ps7_init' command is executed.
22:39:47 INFO  : 'ps7_post_config' command is executed.
22:39:47 INFO  : Context for processor 'ps7_cortexa9_0' is selected.
22:39:47 INFO  : The application 'E:/ECE315/Lab4/Lab4Proj/lab_4_v0.sdk/Lab4/Debug/Lab4.elf' is downloaded to processor 'ps7_cortexa9_0'.
22:39:47 INFO  : 'configparams force-mem-access 0' command is executed.
22:39:47 INFO  : ----------------XSDB Script----------------
connect -url tcp:127.0.0.1:3121
source E:/ECE315/Lab4/Lab4Proj/lab_4_v0.sdk/design_1_wrapper_hw_platform_0/ps7_init.tcl
targets -set -nocase -filter {name =~"APU*" && jtag_cable_name =~ "Digilent Zybo Z7 210351AF2515A"} -index 0
rst -system
after 3000
targets -set -filter {jtag_cable_name =~ "Digilent Zybo Z7 210351AF2515A" && level==0} -index 1
fpga -file E:/ECE315/Lab4/Lab4Proj/lab_4_v0.sdk/design_1_wrapper_hw_platform_0/design_1_wrapper.bit
targets -set -nocase -filter {name =~"APU*" && jtag_cable_name =~ "Digilent Zybo Z7 210351AF2515A"} -index 0
loadhw -hw E:/ECE315/Lab4/Lab4Proj/lab_4_v0.sdk/design_1_wrapper_hw_platform_0/system.hdf -mem-ranges [list {0x40000000 0xbfffffff}]
configparams force-mem-access 1
targets -set -nocase -filter {name =~"APU*" && jtag_cable_name =~ "Digilent Zybo Z7 210351AF2515A"} -index 0
ps7_init
ps7_post_config
targets -set -nocase -filter {name =~ "ARM*#0" && jtag_cable_name =~ "Digilent Zybo Z7 210351AF2515A"} -index 0
dow E:/ECE315/Lab4/Lab4Proj/lab_4_v0.sdk/Lab4/Debug/Lab4.elf
configparams force-mem-access 0
----------------End of Script----------------

22:39:47 INFO  : Memory regions updated for context APU
22:39:47 INFO  : Context for processor 'ps7_cortexa9_0' is selected.
22:39:47 INFO  : 'con' command is executed.
22:39:47 INFO  : ----------------XSDB Script (After Launch)----------------
targets -set -nocase -filter {name =~ "ARM*#0" && jtag_cable_name =~ "Digilent Zybo Z7 210351AF2515A"} -index 0
con
----------------End of Script----------------

22:39:47 INFO  : Launch script is exported to file 'E:\ECE315\Lab4\Lab4Proj\lab_4_v0.sdk\.sdk\launch_scripts\xilinx_c-c++_application_(system_debugger)\system_debugger_using_debug_lab4.elf_on_local.tcl'
22:40:21 INFO  : Disconnected from the channel tcfchan#2.
22:40:22 INFO  : Connected to target on host '127.0.0.1' and port '3121'.
22:40:23 INFO  : Jtag cable 'Digilent Zybo Z7 210351AF2515A' is selected.
22:40:23 INFO  : 'jtag frequency' command is executed.
22:40:23 INFO  : Sourcing of 'E:/ECE315/Lab4/Lab4Proj/lab_4_v0.sdk/design_1_wrapper_hw_platform_0/ps7_init.tcl' is done.
22:40:23 INFO  : Context for 'APU' is selected.
22:40:23 INFO  : System reset is completed.
22:40:26 INFO  : 'after 3000' command is executed.
22:40:26 INFO  : 'targets -set -filter {jtag_cable_name =~ "Digilent Zybo Z7 210351AF2515A" && level==0} -index 1' command is executed.
22:40:27 INFO  : FPGA configured successfully with bitstream "E:/ECE315/Lab4/Lab4Proj/lab_4_v0.sdk/design_1_wrapper_hw_platform_0/design_1_wrapper.bit"
22:40:27 INFO  : Context for 'APU' is selected.
22:40:28 INFO  : Hardware design information is loaded from 'E:/ECE315/Lab4/Lab4Proj/lab_4_v0.sdk/design_1_wrapper_hw_platform_0/system.hdf'.
22:40:28 INFO  : 'configparams force-mem-access 1' command is executed.
22:40:28 INFO  : Context for 'APU' is selected.
22:40:28 INFO  : 'ps7_init' command is executed.
22:40:28 INFO  : 'ps7_post_config' command is executed.
22:40:28 INFO  : Context for processor 'ps7_cortexa9_0' is selected.
22:40:28 INFO  : The application 'E:/ECE315/Lab4/Lab4Proj/lab_4_v0.sdk/Lab4/Debug/Lab4.elf' is downloaded to processor 'ps7_cortexa9_0'.
22:40:28 INFO  : 'configparams force-mem-access 0' command is executed.
22:40:28 INFO  : ----------------XSDB Script----------------
connect -url tcp:127.0.0.1:3121
source E:/ECE315/Lab4/Lab4Proj/lab_4_v0.sdk/design_1_wrapper_hw_platform_0/ps7_init.tcl
targets -set -nocase -filter {name =~"APU*" && jtag_cable_name =~ "Digilent Zybo Z7 210351AF2515A"} -index 0
rst -system
after 3000
targets -set -filter {jtag_cable_name =~ "Digilent Zybo Z7 210351AF2515A" && level==0} -index 1
fpga -file E:/ECE315/Lab4/Lab4Proj/lab_4_v0.sdk/design_1_wrapper_hw_platform_0/design_1_wrapper.bit
targets -set -nocase -filter {name =~"APU*" && jtag_cable_name =~ "Digilent Zybo Z7 210351AF2515A"} -index 0
loadhw -hw E:/ECE315/Lab4/Lab4Proj/lab_4_v0.sdk/design_1_wrapper_hw_platform_0/system.hdf -mem-ranges [list {0x40000000 0xbfffffff}]
configparams force-mem-access 1
targets -set -nocase -filter {name =~"APU*" && jtag_cable_name =~ "Digilent Zybo Z7 210351AF2515A"} -index 0
ps7_init
ps7_post_config
targets -set -nocase -filter {name =~ "ARM*#0" && jtag_cable_name =~ "Digilent Zybo Z7 210351AF2515A"} -index 0
dow E:/ECE315/Lab4/Lab4Proj/lab_4_v0.sdk/Lab4/Debug/Lab4.elf
configparams force-mem-access 0
----------------End of Script----------------

22:40:29 INFO  : Memory regions updated for context APU
22:40:29 INFO  : Context for processor 'ps7_cortexa9_0' is selected.
22:40:29 INFO  : 'con' command is executed.
22:40:29 INFO  : ----------------XSDB Script (After Launch)----------------
targets -set -nocase -filter {name =~ "ARM*#0" && jtag_cable_name =~ "Digilent Zybo Z7 210351AF2515A"} -index 0
con
----------------End of Script----------------

22:40:29 INFO  : Launch script is exported to file 'E:\ECE315\Lab4\Lab4Proj\lab_4_v0.sdk\.sdk\launch_scripts\xilinx_c-c++_application_(system_debugger)\system_debugger_using_debug_lab4.elf_on_local.tcl'
22:42:12 INFO  : Disconnected from the channel tcfchan#3.
22:42:13 INFO  : Connected to target on host '127.0.0.1' and port '3121'.
22:42:13 INFO  : Jtag cable 'Digilent Zybo Z7 210351AF2515A' is selected.
22:42:13 INFO  : 'jtag frequency' command is executed.
22:42:13 INFO  : Sourcing of 'E:/ECE315/Lab4/Lab4Proj/lab_4_v0.sdk/design_1_wrapper_hw_platform_0/ps7_init.tcl' is done.
22:42:13 INFO  : Context for 'APU' is selected.
22:42:14 INFO  : System reset is completed.
22:42:17 INFO  : 'after 3000' command is executed.
22:42:17 INFO  : 'targets -set -filter {jtag_cable_name =~ "Digilent Zybo Z7 210351AF2515A" && level==0} -index 1' command is executed.
22:42:18 INFO  : FPGA configured successfully with bitstream "E:/ECE315/Lab4/Lab4Proj/lab_4_v0.sdk/design_1_wrapper_hw_platform_0/design_1_wrapper.bit"
22:42:18 INFO  : Context for 'APU' is selected.
22:42:19 INFO  : Hardware design information is loaded from 'E:/ECE315/Lab4/Lab4Proj/lab_4_v0.sdk/design_1_wrapper_hw_platform_0/system.hdf'.
22:42:19 INFO  : 'configparams force-mem-access 1' command is executed.
22:42:19 INFO  : Context for 'APU' is selected.
22:42:19 INFO  : 'ps7_init' command is executed.
22:42:19 INFO  : 'ps7_post_config' command is executed.
22:42:19 INFO  : Context for processor 'ps7_cortexa9_0' is selected.
22:42:19 INFO  : The application 'E:/ECE315/Lab4/Lab4Proj/lab_4_v0.sdk/Lab4/Debug/Lab4.elf' is downloaded to processor 'ps7_cortexa9_0'.
22:42:19 INFO  : 'configparams force-mem-access 0' command is executed.
22:42:19 INFO  : ----------------XSDB Script----------------
connect -url tcp:127.0.0.1:3121
source E:/ECE315/Lab4/Lab4Proj/lab_4_v0.sdk/design_1_wrapper_hw_platform_0/ps7_init.tcl
targets -set -nocase -filter {name =~"APU*" && jtag_cable_name =~ "Digilent Zybo Z7 210351AF2515A"} -index 0
rst -system
after 3000
targets -set -filter {jtag_cable_name =~ "Digilent Zybo Z7 210351AF2515A" && level==0} -index 1
fpga -file E:/ECE315/Lab4/Lab4Proj/lab_4_v0.sdk/design_1_wrapper_hw_platform_0/design_1_wrapper.bit
targets -set -nocase -filter {name =~"APU*" && jtag_cable_name =~ "Digilent Zybo Z7 210351AF2515A"} -index 0
loadhw -hw E:/ECE315/Lab4/Lab4Proj/lab_4_v0.sdk/design_1_wrapper_hw_platform_0/system.hdf -mem-ranges [list {0x40000000 0xbfffffff}]
configparams force-mem-access 1
targets -set -nocase -filter {name =~"APU*" && jtag_cable_name =~ "Digilent Zybo Z7 210351AF2515A"} -index 0
ps7_init
ps7_post_config
targets -set -nocase -filter {name =~ "ARM*#0" && jtag_cable_name =~ "Digilent Zybo Z7 210351AF2515A"} -index 0
dow E:/ECE315/Lab4/Lab4Proj/lab_4_v0.sdk/Lab4/Debug/Lab4.elf
configparams force-mem-access 0
----------------End of Script----------------

22:42:19 INFO  : Memory regions updated for context APU
22:42:20 INFO  : Context for processor 'ps7_cortexa9_0' is selected.
22:42:20 INFO  : 'con' command is executed.
22:42:20 INFO  : ----------------XSDB Script (After Launch)----------------
targets -set -nocase -filter {name =~ "ARM*#0" && jtag_cable_name =~ "Digilent Zybo Z7 210351AF2515A"} -index 0
con
----------------End of Script----------------

22:42:20 INFO  : Launch script is exported to file 'E:\ECE315\Lab4\Lab4Proj\lab_4_v0.sdk\.sdk\launch_scripts\xilinx_c-c++_application_(system_debugger)\system_debugger_using_debug_lab4.elf_on_local.tcl'
22:44:38 INFO  : Disconnected from the channel tcfchan#4.
22:44:39 INFO  : Connected to target on host '127.0.0.1' and port '3121'.
22:44:39 INFO  : Jtag cable 'Digilent Zybo Z7 210351AF2515A' is selected.
22:44:39 INFO  : 'jtag frequency' command is executed.
22:44:39 INFO  : Sourcing of 'E:/ECE315/Lab4/Lab4Proj/lab_4_v0.sdk/design_1_wrapper_hw_platform_0/ps7_init.tcl' is done.
22:44:39 INFO  : Context for 'APU' is selected.
22:44:39 INFO  : System reset is completed.
22:44:42 INFO  : 'after 3000' command is executed.
22:44:42 INFO  : 'targets -set -filter {jtag_cable_name =~ "Digilent Zybo Z7 210351AF2515A" && level==0} -index 1' command is executed.
22:44:43 INFO  : FPGA configured successfully with bitstream "E:/ECE315/Lab4/Lab4Proj/lab_4_v0.sdk/design_1_wrapper_hw_platform_0/design_1_wrapper.bit"
22:44:43 INFO  : Context for 'APU' is selected.
22:44:44 INFO  : Hardware design information is loaded from 'E:/ECE315/Lab4/Lab4Proj/lab_4_v0.sdk/design_1_wrapper_hw_platform_0/system.hdf'.
22:44:44 INFO  : 'configparams force-mem-access 1' command is executed.
22:44:44 INFO  : Context for 'APU' is selected.
22:44:44 INFO  : 'ps7_init' command is executed.
22:44:44 INFO  : 'ps7_post_config' command is executed.
22:44:44 INFO  : Context for processor 'ps7_cortexa9_0' is selected.
22:44:45 INFO  : The application 'E:/ECE315/Lab4/Lab4Proj/lab_4_v0.sdk/Lab4/Debug/Lab4.elf' is downloaded to processor 'ps7_cortexa9_0'.
22:44:45 INFO  : 'configparams force-mem-access 0' command is executed.
22:44:45 INFO  : ----------------XSDB Script----------------
connect -url tcp:127.0.0.1:3121
source E:/ECE315/Lab4/Lab4Proj/lab_4_v0.sdk/design_1_wrapper_hw_platform_0/ps7_init.tcl
targets -set -nocase -filter {name =~"APU*" && jtag_cable_name =~ "Digilent Zybo Z7 210351AF2515A"} -index 0
rst -system
after 3000
targets -set -filter {jtag_cable_name =~ "Digilent Zybo Z7 210351AF2515A" && level==0} -index 1
fpga -file E:/ECE315/Lab4/Lab4Proj/lab_4_v0.sdk/design_1_wrapper_hw_platform_0/design_1_wrapper.bit
targets -set -nocase -filter {name =~"APU*" && jtag_cable_name =~ "Digilent Zybo Z7 210351AF2515A"} -index 0
loadhw -hw E:/ECE315/Lab4/Lab4Proj/lab_4_v0.sdk/design_1_wrapper_hw_platform_0/system.hdf -mem-ranges [list {0x40000000 0xbfffffff}]
configparams force-mem-access 1
targets -set -nocase -filter {name =~"APU*" && jtag_cable_name =~ "Digilent Zybo Z7 210351AF2515A"} -index 0
ps7_init
ps7_post_config
targets -set -nocase -filter {name =~ "ARM*#0" && jtag_cable_name =~ "Digilent Zybo Z7 210351AF2515A"} -index 0
dow E:/ECE315/Lab4/Lab4Proj/lab_4_v0.sdk/Lab4/Debug/Lab4.elf
configparams force-mem-access 0
----------------End of Script----------------

22:44:45 INFO  : Memory regions updated for context APU
22:44:45 INFO  : Context for processor 'ps7_cortexa9_0' is selected.
22:44:45 INFO  : 'con' command is executed.
22:44:45 INFO  : ----------------XSDB Script (After Launch)----------------
targets -set -nocase -filter {name =~ "ARM*#0" && jtag_cable_name =~ "Digilent Zybo Z7 210351AF2515A"} -index 0
con
----------------End of Script----------------

22:44:45 INFO  : Launch script is exported to file 'E:\ECE315\Lab4\Lab4Proj\lab_4_v0.sdk\.sdk\launch_scripts\xilinx_c-c++_application_(system_debugger)\system_debugger_using_debug_lab4.elf_on_local.tcl'
22:47:03 INFO  : Disconnected from the channel tcfchan#5.
22:47:04 INFO  : Connected to target on host '127.0.0.1' and port '3121'.
22:47:05 INFO  : Jtag cable 'Digilent Zybo Z7 210351AF2515A' is selected.
22:47:05 INFO  : 'jtag frequency' command is executed.
22:47:05 INFO  : Sourcing of 'E:/ECE315/Lab4/Lab4Proj/lab_4_v0.sdk/design_1_wrapper_hw_platform_0/ps7_init.tcl' is done.
22:47:05 INFO  : Context for 'APU' is selected.
22:47:05 INFO  : System reset is completed.
22:47:08 INFO  : 'after 3000' command is executed.
22:47:08 INFO  : 'targets -set -filter {jtag_cable_name =~ "Digilent Zybo Z7 210351AF2515A" && level==0} -index 1' command is executed.
22:47:09 INFO  : FPGA configured successfully with bitstream "E:/ECE315/Lab4/Lab4Proj/lab_4_v0.sdk/design_1_wrapper_hw_platform_0/design_1_wrapper.bit"
22:47:09 INFO  : Context for 'APU' is selected.
22:47:10 INFO  : Hardware design information is loaded from 'E:/ECE315/Lab4/Lab4Proj/lab_4_v0.sdk/design_1_wrapper_hw_platform_0/system.hdf'.
22:47:10 INFO  : 'configparams force-mem-access 1' command is executed.
22:47:10 INFO  : Context for 'APU' is selected.
22:47:10 INFO  : 'ps7_init' command is executed.
22:47:10 INFO  : 'ps7_post_config' command is executed.
22:47:10 INFO  : Context for processor 'ps7_cortexa9_0' is selected.
22:47:11 INFO  : The application 'E:/ECE315/Lab4/Lab4Proj/lab_4_v0.sdk/Lab4/Debug/Lab4.elf' is downloaded to processor 'ps7_cortexa9_0'.
22:47:11 INFO  : 'configparams force-mem-access 0' command is executed.
22:47:11 INFO  : ----------------XSDB Script----------------
connect -url tcp:127.0.0.1:3121
source E:/ECE315/Lab4/Lab4Proj/lab_4_v0.sdk/design_1_wrapper_hw_platform_0/ps7_init.tcl
targets -set -nocase -filter {name =~"APU*" && jtag_cable_name =~ "Digilent Zybo Z7 210351AF2515A"} -index 0
rst -system
after 3000
targets -set -filter {jtag_cable_name =~ "Digilent Zybo Z7 210351AF2515A" && level==0} -index 1
fpga -file E:/ECE315/Lab4/Lab4Proj/lab_4_v0.sdk/design_1_wrapper_hw_platform_0/design_1_wrapper.bit
targets -set -nocase -filter {name =~"APU*" && jtag_cable_name =~ "Digilent Zybo Z7 210351AF2515A"} -index 0
loadhw -hw E:/ECE315/Lab4/Lab4Proj/lab_4_v0.sdk/design_1_wrapper_hw_platform_0/system.hdf -mem-ranges [list {0x40000000 0xbfffffff}]
configparams force-mem-access 1
targets -set -nocase -filter {name =~"APU*" && jtag_cable_name =~ "Digilent Zybo Z7 210351AF2515A"} -index 0
ps7_init
ps7_post_config
targets -set -nocase -filter {name =~ "ARM*#0" && jtag_cable_name =~ "Digilent Zybo Z7 210351AF2515A"} -index 0
dow E:/ECE315/Lab4/Lab4Proj/lab_4_v0.sdk/Lab4/Debug/Lab4.elf
configparams force-mem-access 0
----------------End of Script----------------

22:47:11 INFO  : Memory regions updated for context APU
22:47:11 INFO  : Context for processor 'ps7_cortexa9_0' is selected.
22:47:11 INFO  : 'con' command is executed.
22:47:11 INFO  : ----------------XSDB Script (After Launch)----------------
targets -set -nocase -filter {name =~ "ARM*#0" && jtag_cable_name =~ "Digilent Zybo Z7 210351AF2515A"} -index 0
con
----------------End of Script----------------

22:47:11 INFO  : Launch script is exported to file 'E:\ECE315\Lab4\Lab4Proj\lab_4_v0.sdk\.sdk\launch_scripts\xilinx_c-c++_application_(system_debugger)\system_debugger_using_debug_lab4.elf_on_local.tcl'
22:48:55 INFO  : Disconnected from the channel tcfchan#6.
22:48:56 INFO  : Connected to target on host '127.0.0.1' and port '3121'.
22:48:56 INFO  : Jtag cable 'Digilent Zybo Z7 210351AF2515A' is selected.
22:48:56 INFO  : 'jtag frequency' command is executed.
22:48:56 INFO  : Sourcing of 'E:/ECE315/Lab4/Lab4Proj/lab_4_v0.sdk/design_1_wrapper_hw_platform_0/ps7_init.tcl' is done.
22:48:56 INFO  : Context for 'APU' is selected.
22:48:56 INFO  : System reset is completed.
22:48:59 INFO  : 'after 3000' command is executed.
22:49:00 INFO  : 'targets -set -filter {jtag_cable_name =~ "Digilent Zybo Z7 210351AF2515A" && level==0} -index 1' command is executed.
22:49:01 INFO  : FPGA configured successfully with bitstream "E:/ECE315/Lab4/Lab4Proj/lab_4_v0.sdk/design_1_wrapper_hw_platform_0/design_1_wrapper.bit"
22:49:01 INFO  : Context for 'APU' is selected.
22:49:02 INFO  : Hardware design information is loaded from 'E:/ECE315/Lab4/Lab4Proj/lab_4_v0.sdk/design_1_wrapper_hw_platform_0/system.hdf'.
22:49:02 INFO  : 'configparams force-mem-access 1' command is executed.
22:49:02 INFO  : Context for 'APU' is selected.
22:49:02 INFO  : 'ps7_init' command is executed.
22:49:02 INFO  : 'ps7_post_config' command is executed.
22:49:02 INFO  : Context for processor 'ps7_cortexa9_0' is selected.
22:49:02 INFO  : The application 'E:/ECE315/Lab4/Lab4Proj/lab_4_v0.sdk/Lab4/Debug/Lab4.elf' is downloaded to processor 'ps7_cortexa9_0'.
22:49:02 INFO  : 'configparams force-mem-access 0' command is executed.
22:49:02 INFO  : ----------------XSDB Script----------------
connect -url tcp:127.0.0.1:3121
source E:/ECE315/Lab4/Lab4Proj/lab_4_v0.sdk/design_1_wrapper_hw_platform_0/ps7_init.tcl
targets -set -nocase -filter {name =~"APU*" && jtag_cable_name =~ "Digilent Zybo Z7 210351AF2515A"} -index 0
rst -system
after 3000
targets -set -filter {jtag_cable_name =~ "Digilent Zybo Z7 210351AF2515A" && level==0} -index 1
fpga -file E:/ECE315/Lab4/Lab4Proj/lab_4_v0.sdk/design_1_wrapper_hw_platform_0/design_1_wrapper.bit
targets -set -nocase -filter {name =~"APU*" && jtag_cable_name =~ "Digilent Zybo Z7 210351AF2515A"} -index 0
loadhw -hw E:/ECE315/Lab4/Lab4Proj/lab_4_v0.sdk/design_1_wrapper_hw_platform_0/system.hdf -mem-ranges [list {0x40000000 0xbfffffff}]
configparams force-mem-access 1
targets -set -nocase -filter {name =~"APU*" && jtag_cable_name =~ "Digilent Zybo Z7 210351AF2515A"} -index 0
ps7_init
ps7_post_config
targets -set -nocase -filter {name =~ "ARM*#0" && jtag_cable_name =~ "Digilent Zybo Z7 210351AF2515A"} -index 0
dow E:/ECE315/Lab4/Lab4Proj/lab_4_v0.sdk/Lab4/Debug/Lab4.elf
configparams force-mem-access 0
----------------End of Script----------------

22:49:02 INFO  : Memory regions updated for context APU
22:49:02 INFO  : Context for processor 'ps7_cortexa9_0' is selected.
22:49:02 INFO  : 'con' command is executed.
22:49:02 INFO  : ----------------XSDB Script (After Launch)----------------
targets -set -nocase -filter {name =~ "ARM*#0" && jtag_cable_name =~ "Digilent Zybo Z7 210351AF2515A"} -index 0
con
----------------End of Script----------------

22:49:02 INFO  : Launch script is exported to file 'E:\ECE315\Lab4\Lab4Proj\lab_4_v0.sdk\.sdk\launch_scripts\xilinx_c-c++_application_(system_debugger)\system_debugger_using_debug_lab4.elf_on_local.tcl'
22:49:38 INFO  : Disconnected from the channel tcfchan#7.
22:49:39 INFO  : Connected to target on host '127.0.0.1' and port '3121'.
22:49:39 INFO  : Jtag cable 'Digilent Zybo Z7 210351AF2515A' is selected.
22:49:39 INFO  : 'jtag frequency' command is executed.
22:49:39 INFO  : Sourcing of 'E:/ECE315/Lab4/Lab4Proj/lab_4_v0.sdk/design_1_wrapper_hw_platform_0/ps7_init.tcl' is done.
22:49:39 INFO  : Context for 'APU' is selected.
22:49:39 INFO  : System reset is completed.
22:49:42 INFO  : 'after 3000' command is executed.
22:49:42 INFO  : 'targets -set -filter {jtag_cable_name =~ "Digilent Zybo Z7 210351AF2515A" && level==0} -index 1' command is executed.
22:49:44 INFO  : FPGA configured successfully with bitstream "E:/ECE315/Lab4/Lab4Proj/lab_4_v0.sdk/design_1_wrapper_hw_platform_0/design_1_wrapper.bit"
22:49:44 INFO  : Context for 'APU' is selected.
22:49:45 INFO  : Hardware design information is loaded from 'E:/ECE315/Lab4/Lab4Proj/lab_4_v0.sdk/design_1_wrapper_hw_platform_0/system.hdf'.
22:49:45 INFO  : 'configparams force-mem-access 1' command is executed.
22:49:45 INFO  : Context for 'APU' is selected.
22:49:45 INFO  : 'ps7_init' command is executed.
22:49:45 INFO  : 'ps7_post_config' command is executed.
22:49:45 INFO  : Context for processor 'ps7_cortexa9_0' is selected.
22:49:45 INFO  : The application 'E:/ECE315/Lab4/Lab4Proj/lab_4_v0.sdk/Lab4/Debug/Lab4.elf' is downloaded to processor 'ps7_cortexa9_0'.
22:49:45 INFO  : 'configparams force-mem-access 0' command is executed.
22:49:45 INFO  : ----------------XSDB Script----------------
connect -url tcp:127.0.0.1:3121
source E:/ECE315/Lab4/Lab4Proj/lab_4_v0.sdk/design_1_wrapper_hw_platform_0/ps7_init.tcl
targets -set -nocase -filter {name =~"APU*" && jtag_cable_name =~ "Digilent Zybo Z7 210351AF2515A"} -index 0
rst -system
after 3000
targets -set -filter {jtag_cable_name =~ "Digilent Zybo Z7 210351AF2515A" && level==0} -index 1
fpga -file E:/ECE315/Lab4/Lab4Proj/lab_4_v0.sdk/design_1_wrapper_hw_platform_0/design_1_wrapper.bit
targets -set -nocase -filter {name =~"APU*" && jtag_cable_name =~ "Digilent Zybo Z7 210351AF2515A"} -index 0
loadhw -hw E:/ECE315/Lab4/Lab4Proj/lab_4_v0.sdk/design_1_wrapper_hw_platform_0/system.hdf -mem-ranges [list {0x40000000 0xbfffffff}]
configparams force-mem-access 1
targets -set -nocase -filter {name =~"APU*" && jtag_cable_name =~ "Digilent Zybo Z7 210351AF2515A"} -index 0
ps7_init
ps7_post_config
targets -set -nocase -filter {name =~ "ARM*#0" && jtag_cable_name =~ "Digilent Zybo Z7 210351AF2515A"} -index 0
dow E:/ECE315/Lab4/Lab4Proj/lab_4_v0.sdk/Lab4/Debug/Lab4.elf
configparams force-mem-access 0
----------------End of Script----------------

22:49:45 INFO  : Memory regions updated for context APU
22:49:45 INFO  : Context for processor 'ps7_cortexa9_0' is selected.
22:49:45 INFO  : 'con' command is executed.
22:49:45 INFO  : ----------------XSDB Script (After Launch)----------------
targets -set -nocase -filter {name =~ "ARM*#0" && jtag_cable_name =~ "Digilent Zybo Z7 210351AF2515A"} -index 0
con
----------------End of Script----------------

22:49:45 INFO  : Launch script is exported to file 'E:\ECE315\Lab4\Lab4Proj\lab_4_v0.sdk\.sdk\launch_scripts\xilinx_c-c++_application_(system_debugger)\system_debugger_using_debug_lab4.elf_on_local.tcl'
22:51:11 INFO  : Disconnected from the channel tcfchan#8.
22:51:12 INFO  : Connected to target on host '127.0.0.1' and port '3121'.
22:51:13 INFO  : Jtag cable 'Digilent Zybo Z7 210351AF2515A' is selected.
22:51:13 INFO  : 'jtag frequency' command is executed.
22:51:13 INFO  : Sourcing of 'E:/ECE315/Lab4/Lab4Proj/lab_4_v0.sdk/design_1_wrapper_hw_platform_0/ps7_init.tcl' is done.
22:51:13 INFO  : Context for 'APU' is selected.
22:51:13 INFO  : System reset is completed.
22:51:16 INFO  : 'after 3000' command is executed.
22:51:16 INFO  : 'targets -set -filter {jtag_cable_name =~ "Digilent Zybo Z7 210351AF2515A" && level==0} -index 1' command is executed.
22:51:17 INFO  : FPGA configured successfully with bitstream "E:/ECE315/Lab4/Lab4Proj/lab_4_v0.sdk/design_1_wrapper_hw_platform_0/design_1_wrapper.bit"
22:51:17 INFO  : Context for 'APU' is selected.
22:51:18 INFO  : Hardware design information is loaded from 'E:/ECE315/Lab4/Lab4Proj/lab_4_v0.sdk/design_1_wrapper_hw_platform_0/system.hdf'.
22:51:18 INFO  : 'configparams force-mem-access 1' command is executed.
22:51:18 INFO  : Context for 'APU' is selected.
22:51:18 INFO  : 'ps7_init' command is executed.
22:51:18 INFO  : 'ps7_post_config' command is executed.
22:51:18 INFO  : Context for processor 'ps7_cortexa9_0' is selected.
22:51:19 INFO  : The application 'E:/ECE315/Lab4/Lab4Proj/lab_4_v0.sdk/Lab4/Debug/Lab4.elf' is downloaded to processor 'ps7_cortexa9_0'.
22:51:19 INFO  : 'configparams force-mem-access 0' command is executed.
22:51:19 INFO  : ----------------XSDB Script----------------
connect -url tcp:127.0.0.1:3121
source E:/ECE315/Lab4/Lab4Proj/lab_4_v0.sdk/design_1_wrapper_hw_platform_0/ps7_init.tcl
targets -set -nocase -filter {name =~"APU*" && jtag_cable_name =~ "Digilent Zybo Z7 210351AF2515A"} -index 0
rst -system
after 3000
targets -set -filter {jtag_cable_name =~ "Digilent Zybo Z7 210351AF2515A" && level==0} -index 1
fpga -file E:/ECE315/Lab4/Lab4Proj/lab_4_v0.sdk/design_1_wrapper_hw_platform_0/design_1_wrapper.bit
targets -set -nocase -filter {name =~"APU*" && jtag_cable_name =~ "Digilent Zybo Z7 210351AF2515A"} -index 0
loadhw -hw E:/ECE315/Lab4/Lab4Proj/lab_4_v0.sdk/design_1_wrapper_hw_platform_0/system.hdf -mem-ranges [list {0x40000000 0xbfffffff}]
configparams force-mem-access 1
targets -set -nocase -filter {name =~"APU*" && jtag_cable_name =~ "Digilent Zybo Z7 210351AF2515A"} -index 0
ps7_init
ps7_post_config
targets -set -nocase -filter {name =~ "ARM*#0" && jtag_cable_name =~ "Digilent Zybo Z7 210351AF2515A"} -index 0
dow E:/ECE315/Lab4/Lab4Proj/lab_4_v0.sdk/Lab4/Debug/Lab4.elf
configparams force-mem-access 0
----------------End of Script----------------

22:51:19 INFO  : Memory regions updated for context APU
22:51:19 INFO  : Context for processor 'ps7_cortexa9_0' is selected.
22:51:19 INFO  : 'con' command is executed.
22:51:19 INFO  : ----------------XSDB Script (After Launch)----------------
targets -set -nocase -filter {name =~ "ARM*#0" && jtag_cable_name =~ "Digilent Zybo Z7 210351AF2515A"} -index 0
con
----------------End of Script----------------

22:51:19 INFO  : Launch script is exported to file 'E:\ECE315\Lab4\Lab4Proj\lab_4_v0.sdk\.sdk\launch_scripts\xilinx_c-c++_application_(system_debugger)\system_debugger_using_debug_lab4.elf_on_local.tcl'
23:01:36 INFO  : Disconnected from the channel tcfchan#9.
23:01:37 INFO  : Connected to target on host '127.0.0.1' and port '3121'.
23:01:38 INFO  : Jtag cable 'Digilent Zybo Z7 210351AF2515A' is selected.
23:01:38 INFO  : 'jtag frequency' command is executed.
23:01:38 INFO  : Sourcing of 'E:/ECE315/Lab4/Lab4Proj/lab_4_v0.sdk/design_1_wrapper_hw_platform_0/ps7_init.tcl' is done.
23:01:38 INFO  : Context for 'APU' is selected.
23:01:38 INFO  : System reset is completed.
23:01:41 INFO  : 'after 3000' command is executed.
23:01:41 INFO  : 'targets -set -filter {jtag_cable_name =~ "Digilent Zybo Z7 210351AF2515A" && level==0} -index 1' command is executed.
23:01:42 INFO  : FPGA configured successfully with bitstream "E:/ECE315/Lab4/Lab4Proj/lab_4_v0.sdk/design_1_wrapper_hw_platform_0/design_1_wrapper.bit"
23:01:42 INFO  : Context for 'APU' is selected.
23:01:43 INFO  : Hardware design information is loaded from 'E:/ECE315/Lab4/Lab4Proj/lab_4_v0.sdk/design_1_wrapper_hw_platform_0/system.hdf'.
23:01:43 INFO  : 'configparams force-mem-access 1' command is executed.
23:01:43 INFO  : Context for 'APU' is selected.
23:01:43 INFO  : 'ps7_init' command is executed.
23:01:43 INFO  : 'ps7_post_config' command is executed.
23:01:43 INFO  : Context for processor 'ps7_cortexa9_0' is selected.
23:01:43 INFO  : The application 'E:/ECE315/Lab4/Lab4Proj/lab_4_v0.sdk/Lab4/Debug/Lab4.elf' is downloaded to processor 'ps7_cortexa9_0'.
23:01:43 INFO  : 'configparams force-mem-access 0' command is executed.
23:01:43 INFO  : ----------------XSDB Script----------------
connect -url tcp:127.0.0.1:3121
source E:/ECE315/Lab4/Lab4Proj/lab_4_v0.sdk/design_1_wrapper_hw_platform_0/ps7_init.tcl
targets -set -nocase -filter {name =~"APU*" && jtag_cable_name =~ "Digilent Zybo Z7 210351AF2515A"} -index 0
rst -system
after 3000
targets -set -filter {jtag_cable_name =~ "Digilent Zybo Z7 210351AF2515A" && level==0} -index 1
fpga -file E:/ECE315/Lab4/Lab4Proj/lab_4_v0.sdk/design_1_wrapper_hw_platform_0/design_1_wrapper.bit
targets -set -nocase -filter {name =~"APU*" && jtag_cable_name =~ "Digilent Zybo Z7 210351AF2515A"} -index 0
loadhw -hw E:/ECE315/Lab4/Lab4Proj/lab_4_v0.sdk/design_1_wrapper_hw_platform_0/system.hdf -mem-ranges [list {0x40000000 0xbfffffff}]
configparams force-mem-access 1
targets -set -nocase -filter {name =~"APU*" && jtag_cable_name =~ "Digilent Zybo Z7 210351AF2515A"} -index 0
ps7_init
ps7_post_config
targets -set -nocase -filter {name =~ "ARM*#0" && jtag_cable_name =~ "Digilent Zybo Z7 210351AF2515A"} -index 0
dow E:/ECE315/Lab4/Lab4Proj/lab_4_v0.sdk/Lab4/Debug/Lab4.elf
configparams force-mem-access 0
----------------End of Script----------------

23:01:44 INFO  : Memory regions updated for context APU
23:01:44 INFO  : Context for processor 'ps7_cortexa9_0' is selected.
23:01:44 INFO  : 'con' command is executed.
23:01:44 INFO  : ----------------XSDB Script (After Launch)----------------
targets -set -nocase -filter {name =~ "ARM*#0" && jtag_cable_name =~ "Digilent Zybo Z7 210351AF2515A"} -index 0
con
----------------End of Script----------------

23:01:44 INFO  : Launch script is exported to file 'E:\ECE315\Lab4\Lab4Proj\lab_4_v0.sdk\.sdk\launch_scripts\xilinx_c-c++_application_(system_debugger)\system_debugger_using_debug_lab4.elf_on_local.tcl'
23:02:47 INFO  : Disconnected from the channel tcfchan#10.
23:02:48 INFO  : Connected to target on host '127.0.0.1' and port '3121'.
23:02:48 INFO  : Jtag cable 'Digilent Zybo Z7 210351AF2515A' is selected.
23:02:48 INFO  : 'jtag frequency' command is executed.
23:02:48 INFO  : Sourcing of 'E:/ECE315/Lab4/Lab4Proj/lab_4_v0.sdk/design_1_wrapper_hw_platform_0/ps7_init.tcl' is done.
23:02:48 INFO  : Context for 'APU' is selected.
23:02:49 INFO  : System reset is completed.
23:02:52 INFO  : 'after 3000' command is executed.
23:02:52 INFO  : 'targets -set -filter {jtag_cable_name =~ "Digilent Zybo Z7 210351AF2515A" && level==0} -index 1' command is executed.
23:02:53 INFO  : FPGA configured successfully with bitstream "E:/ECE315/Lab4/Lab4Proj/lab_4_v0.sdk/design_1_wrapper_hw_platform_0/design_1_wrapper.bit"
23:02:53 INFO  : Context for 'APU' is selected.
23:02:54 INFO  : Hardware design information is loaded from 'E:/ECE315/Lab4/Lab4Proj/lab_4_v0.sdk/design_1_wrapper_hw_platform_0/system.hdf'.
23:02:54 INFO  : 'configparams force-mem-access 1' command is executed.
23:02:54 INFO  : Context for 'APU' is selected.
23:02:54 INFO  : 'ps7_init' command is executed.
23:02:54 INFO  : 'ps7_post_config' command is executed.
23:02:54 INFO  : Context for processor 'ps7_cortexa9_0' is selected.
23:02:54 INFO  : The application 'E:/ECE315/Lab4/Lab4Proj/lab_4_v0.sdk/Lab4/Debug/Lab4.elf' is downloaded to processor 'ps7_cortexa9_0'.
23:02:54 INFO  : 'configparams force-mem-access 0' command is executed.
23:02:54 INFO  : ----------------XSDB Script----------------
connect -url tcp:127.0.0.1:3121
source E:/ECE315/Lab4/Lab4Proj/lab_4_v0.sdk/design_1_wrapper_hw_platform_0/ps7_init.tcl
targets -set -nocase -filter {name =~"APU*" && jtag_cable_name =~ "Digilent Zybo Z7 210351AF2515A"} -index 0
rst -system
after 3000
targets -set -filter {jtag_cable_name =~ "Digilent Zybo Z7 210351AF2515A" && level==0} -index 1
fpga -file E:/ECE315/Lab4/Lab4Proj/lab_4_v0.sdk/design_1_wrapper_hw_platform_0/design_1_wrapper.bit
targets -set -nocase -filter {name =~"APU*" && jtag_cable_name =~ "Digilent Zybo Z7 210351AF2515A"} -index 0
loadhw -hw E:/ECE315/Lab4/Lab4Proj/lab_4_v0.sdk/design_1_wrapper_hw_platform_0/system.hdf -mem-ranges [list {0x40000000 0xbfffffff}]
configparams force-mem-access 1
targets -set -nocase -filter {name =~"APU*" && jtag_cable_name =~ "Digilent Zybo Z7 210351AF2515A"} -index 0
ps7_init
ps7_post_config
targets -set -nocase -filter {name =~ "ARM*#0" && jtag_cable_name =~ "Digilent Zybo Z7 210351AF2515A"} -index 0
dow E:/ECE315/Lab4/Lab4Proj/lab_4_v0.sdk/Lab4/Debug/Lab4.elf
configparams force-mem-access 0
----------------End of Script----------------

23:02:54 INFO  : Memory regions updated for context APU
23:02:55 INFO  : Context for processor 'ps7_cortexa9_0' is selected.
23:02:55 INFO  : 'con' command is executed.
23:02:55 INFO  : ----------------XSDB Script (After Launch)----------------
targets -set -nocase -filter {name =~ "ARM*#0" && jtag_cable_name =~ "Digilent Zybo Z7 210351AF2515A"} -index 0
con
----------------End of Script----------------

23:02:55 INFO  : Launch script is exported to file 'E:\ECE315\Lab4\Lab4Proj\lab_4_v0.sdk\.sdk\launch_scripts\xilinx_c-c++_application_(system_debugger)\system_debugger_using_debug_lab4.elf_on_local.tcl'
23:06:43 INFO  : Disconnected from the channel tcfchan#11.
23:06:44 INFO  : Connected to target on host '127.0.0.1' and port '3121'.
23:06:44 INFO  : Jtag cable 'Digilent Zybo Z7 210351AF2515A' is selected.
23:06:44 INFO  : 'jtag frequency' command is executed.
23:06:44 INFO  : Sourcing of 'E:/ECE315/Lab4/Lab4Proj/lab_4_v0.sdk/design_1_wrapper_hw_platform_0/ps7_init.tcl' is done.
23:06:44 INFO  : Context for 'APU' is selected.
23:06:44 INFO  : System reset is completed.
23:06:47 INFO  : 'after 3000' command is executed.
23:06:47 INFO  : 'targets -set -filter {jtag_cable_name =~ "Digilent Zybo Z7 210351AF2515A" && level==0} -index 1' command is executed.
23:06:49 INFO  : FPGA configured successfully with bitstream "E:/ECE315/Lab4/Lab4Proj/lab_4_v0.sdk/design_1_wrapper_hw_platform_0/design_1_wrapper.bit"
23:06:49 INFO  : Context for 'APU' is selected.
23:06:50 INFO  : Hardware design information is loaded from 'E:/ECE315/Lab4/Lab4Proj/lab_4_v0.sdk/design_1_wrapper_hw_platform_0/system.hdf'.
23:06:50 INFO  : 'configparams force-mem-access 1' command is executed.
23:06:50 INFO  : Context for 'APU' is selected.
23:06:50 INFO  : 'ps7_init' command is executed.
23:06:50 INFO  : 'ps7_post_config' command is executed.
23:06:50 INFO  : Context for processor 'ps7_cortexa9_0' is selected.
23:06:50 INFO  : The application 'E:/ECE315/Lab4/Lab4Proj/lab_4_v0.sdk/Lab4/Debug/Lab4.elf' is downloaded to processor 'ps7_cortexa9_0'.
23:06:50 INFO  : 'configparams force-mem-access 0' command is executed.
23:06:50 INFO  : ----------------XSDB Script----------------
connect -url tcp:127.0.0.1:3121
source E:/ECE315/Lab4/Lab4Proj/lab_4_v0.sdk/design_1_wrapper_hw_platform_0/ps7_init.tcl
targets -set -nocase -filter {name =~"APU*" && jtag_cable_name =~ "Digilent Zybo Z7 210351AF2515A"} -index 0
rst -system
after 3000
targets -set -filter {jtag_cable_name =~ "Digilent Zybo Z7 210351AF2515A" && level==0} -index 1
fpga -file E:/ECE315/Lab4/Lab4Proj/lab_4_v0.sdk/design_1_wrapper_hw_platform_0/design_1_wrapper.bit
targets -set -nocase -filter {name =~"APU*" && jtag_cable_name =~ "Digilent Zybo Z7 210351AF2515A"} -index 0
loadhw -hw E:/ECE315/Lab4/Lab4Proj/lab_4_v0.sdk/design_1_wrapper_hw_platform_0/system.hdf -mem-ranges [list {0x40000000 0xbfffffff}]
configparams force-mem-access 1
targets -set -nocase -filter {name =~"APU*" && jtag_cable_name =~ "Digilent Zybo Z7 210351AF2515A"} -index 0
ps7_init
ps7_post_config
targets -set -nocase -filter {name =~ "ARM*#0" && jtag_cable_name =~ "Digilent Zybo Z7 210351AF2515A"} -index 0
dow E:/ECE315/Lab4/Lab4Proj/lab_4_v0.sdk/Lab4/Debug/Lab4.elf
configparams force-mem-access 0
----------------End of Script----------------

23:06:50 INFO  : Memory regions updated for context APU
23:06:50 INFO  : Context for processor 'ps7_cortexa9_0' is selected.
23:06:50 INFO  : 'con' command is executed.
23:06:50 INFO  : ----------------XSDB Script (After Launch)----------------
targets -set -nocase -filter {name =~ "ARM*#0" && jtag_cable_name =~ "Digilent Zybo Z7 210351AF2515A"} -index 0
con
----------------End of Script----------------

23:06:50 INFO  : Launch script is exported to file 'E:\ECE315\Lab4\Lab4Proj\lab_4_v0.sdk\.sdk\launch_scripts\xilinx_c-c++_application_(system_debugger)\system_debugger_using_debug_lab4.elf_on_local.tcl'
23:09:54 INFO  : Disconnected from the channel tcfchan#12.
23:09:55 INFO  : Connected to target on host '127.0.0.1' and port '3121'.
23:09:55 INFO  : Jtag cable 'Digilent Zybo Z7 210351AF2515A' is selected.
23:09:55 INFO  : 'jtag frequency' command is executed.
23:09:55 INFO  : Sourcing of 'E:/ECE315/Lab4/Lab4Proj/lab_4_v0.sdk/design_1_wrapper_hw_platform_0/ps7_init.tcl' is done.
23:09:55 INFO  : Context for 'APU' is selected.
23:09:55 INFO  : System reset is completed.
23:09:58 INFO  : 'after 3000' command is executed.
23:09:58 INFO  : 'targets -set -filter {jtag_cable_name =~ "Digilent Zybo Z7 210351AF2515A" && level==0} -index 1' command is executed.
23:10:00 INFO  : FPGA configured successfully with bitstream "E:/ECE315/Lab4/Lab4Proj/lab_4_v0.sdk/design_1_wrapper_hw_platform_0/design_1_wrapper.bit"
23:10:00 INFO  : Context for 'APU' is selected.
23:10:01 INFO  : Hardware design information is loaded from 'E:/ECE315/Lab4/Lab4Proj/lab_4_v0.sdk/design_1_wrapper_hw_platform_0/system.hdf'.
23:10:01 INFO  : 'configparams force-mem-access 1' command is executed.
23:10:01 INFO  : Context for 'APU' is selected.
23:10:01 INFO  : 'ps7_init' command is executed.
23:10:01 INFO  : 'ps7_post_config' command is executed.
23:10:01 INFO  : Context for processor 'ps7_cortexa9_0' is selected.
23:10:01 INFO  : The application 'E:/ECE315/Lab4/Lab4Proj/lab_4_v0.sdk/Lab4/Debug/Lab4.elf' is downloaded to processor 'ps7_cortexa9_0'.
23:10:01 INFO  : 'configparams force-mem-access 0' command is executed.
23:10:01 INFO  : ----------------XSDB Script----------------
connect -url tcp:127.0.0.1:3121
source E:/ECE315/Lab4/Lab4Proj/lab_4_v0.sdk/design_1_wrapper_hw_platform_0/ps7_init.tcl
targets -set -nocase -filter {name =~"APU*" && jtag_cable_name =~ "Digilent Zybo Z7 210351AF2515A"} -index 0
rst -system
after 3000
targets -set -filter {jtag_cable_name =~ "Digilent Zybo Z7 210351AF2515A" && level==0} -index 1
fpga -file E:/ECE315/Lab4/Lab4Proj/lab_4_v0.sdk/design_1_wrapper_hw_platform_0/design_1_wrapper.bit
targets -set -nocase -filter {name =~"APU*" && jtag_cable_name =~ "Digilent Zybo Z7 210351AF2515A"} -index 0
loadhw -hw E:/ECE315/Lab4/Lab4Proj/lab_4_v0.sdk/design_1_wrapper_hw_platform_0/system.hdf -mem-ranges [list {0x40000000 0xbfffffff}]
configparams force-mem-access 1
targets -set -nocase -filter {name =~"APU*" && jtag_cable_name =~ "Digilent Zybo Z7 210351AF2515A"} -index 0
ps7_init
ps7_post_config
targets -set -nocase -filter {name =~ "ARM*#0" && jtag_cable_name =~ "Digilent Zybo Z7 210351AF2515A"} -index 0
dow E:/ECE315/Lab4/Lab4Proj/lab_4_v0.sdk/Lab4/Debug/Lab4.elf
configparams force-mem-access 0
----------------End of Script----------------

23:10:01 INFO  : Memory regions updated for context APU
23:10:01 INFO  : Context for processor 'ps7_cortexa9_0' is selected.
23:10:01 INFO  : 'con' command is executed.
23:10:01 INFO  : ----------------XSDB Script (After Launch)----------------
targets -set -nocase -filter {name =~ "ARM*#0" && jtag_cable_name =~ "Digilent Zybo Z7 210351AF2515A"} -index 0
con
----------------End of Script----------------

23:10:01 INFO  : Launch script is exported to file 'E:\ECE315\Lab4\Lab4Proj\lab_4_v0.sdk\.sdk\launch_scripts\xilinx_c-c++_application_(system_debugger)\system_debugger_using_debug_lab4.elf_on_local.tcl'
23:12:42 INFO  : Disconnected from the channel tcfchan#13.
23:12:43 INFO  : Connected to target on host '127.0.0.1' and port '3121'.
23:12:43 INFO  : Jtag cable 'Digilent Zybo Z7 210351AF2515A' is selected.
23:12:43 INFO  : 'jtag frequency' command is executed.
23:12:43 INFO  : Sourcing of 'E:/ECE315/Lab4/Lab4Proj/lab_4_v0.sdk/design_1_wrapper_hw_platform_0/ps7_init.tcl' is done.
23:12:43 INFO  : Context for 'APU' is selected.
23:12:43 INFO  : System reset is completed.
23:12:46 INFO  : 'after 3000' command is executed.
23:12:46 INFO  : 'targets -set -filter {jtag_cable_name =~ "Digilent Zybo Z7 210351AF2515A" && level==0} -index 1' command is executed.
23:12:48 INFO  : FPGA configured successfully with bitstream "E:/ECE315/Lab4/Lab4Proj/lab_4_v0.sdk/design_1_wrapper_hw_platform_0/design_1_wrapper.bit"
23:12:48 INFO  : Context for 'APU' is selected.
23:12:49 INFO  : Hardware design information is loaded from 'E:/ECE315/Lab4/Lab4Proj/lab_4_v0.sdk/design_1_wrapper_hw_platform_0/system.hdf'.
23:12:49 INFO  : 'configparams force-mem-access 1' command is executed.
23:12:49 INFO  : Context for 'APU' is selected.
23:12:49 INFO  : 'ps7_init' command is executed.
23:12:49 INFO  : 'ps7_post_config' command is executed.
23:12:49 INFO  : Context for processor 'ps7_cortexa9_0' is selected.
23:12:49 INFO  : The application 'E:/ECE315/Lab4/Lab4Proj/lab_4_v0.sdk/Lab4/Debug/Lab4.elf' is downloaded to processor 'ps7_cortexa9_0'.
23:12:49 INFO  : 'configparams force-mem-access 0' command is executed.
23:12:49 INFO  : ----------------XSDB Script----------------
connect -url tcp:127.0.0.1:3121
source E:/ECE315/Lab4/Lab4Proj/lab_4_v0.sdk/design_1_wrapper_hw_platform_0/ps7_init.tcl
targets -set -nocase -filter {name =~"APU*" && jtag_cable_name =~ "Digilent Zybo Z7 210351AF2515A"} -index 0
rst -system
after 3000
targets -set -filter {jtag_cable_name =~ "Digilent Zybo Z7 210351AF2515A" && level==0} -index 1
fpga -file E:/ECE315/Lab4/Lab4Proj/lab_4_v0.sdk/design_1_wrapper_hw_platform_0/design_1_wrapper.bit
targets -set -nocase -filter {name =~"APU*" && jtag_cable_name =~ "Digilent Zybo Z7 210351AF2515A"} -index 0
loadhw -hw E:/ECE315/Lab4/Lab4Proj/lab_4_v0.sdk/design_1_wrapper_hw_platform_0/system.hdf -mem-ranges [list {0x40000000 0xbfffffff}]
configparams force-mem-access 1
targets -set -nocase -filter {name =~"APU*" && jtag_cable_name =~ "Digilent Zybo Z7 210351AF2515A"} -index 0
ps7_init
ps7_post_config
targets -set -nocase -filter {name =~ "ARM*#0" && jtag_cable_name =~ "Digilent Zybo Z7 210351AF2515A"} -index 0
dow E:/ECE315/Lab4/Lab4Proj/lab_4_v0.sdk/Lab4/Debug/Lab4.elf
configparams force-mem-access 0
----------------End of Script----------------

23:12:49 INFO  : Memory regions updated for context APU
23:12:49 INFO  : Context for processor 'ps7_cortexa9_0' is selected.
23:12:49 INFO  : 'con' command is executed.
23:12:49 INFO  : ----------------XSDB Script (After Launch)----------------
targets -set -nocase -filter {name =~ "ARM*#0" && jtag_cable_name =~ "Digilent Zybo Z7 210351AF2515A"} -index 0
con
----------------End of Script----------------

23:12:49 INFO  : Launch script is exported to file 'E:\ECE315\Lab4\Lab4Proj\lab_4_v0.sdk\.sdk\launch_scripts\xilinx_c-c++_application_(system_debugger)\system_debugger_using_debug_lab4.elf_on_local.tcl'
23:18:40 INFO  : Disconnected from the channel tcfchan#14.
23:18:41 INFO  : Connected to target on host '127.0.0.1' and port '3121'.
23:18:41 INFO  : Jtag cable 'Digilent Zybo Z7 210351AF2515A' is selected.
23:18:41 INFO  : 'jtag frequency' command is executed.
23:18:41 INFO  : Sourcing of 'E:/ECE315/Lab4/Lab4Proj/lab_4_v0.sdk/design_1_wrapper_hw_platform_0/ps7_init.tcl' is done.
23:18:41 INFO  : Context for 'APU' is selected.
23:18:41 INFO  : System reset is completed.
23:18:44 INFO  : 'after 3000' command is executed.
23:18:44 INFO  : 'targets -set -filter {jtag_cable_name =~ "Digilent Zybo Z7 210351AF2515A" && level==0} -index 1' command is executed.
23:18:45 INFO  : FPGA configured successfully with bitstream "E:/ECE315/Lab4/Lab4Proj/lab_4_v0.sdk/design_1_wrapper_hw_platform_0/design_1_wrapper.bit"
23:18:45 INFO  : Context for 'APU' is selected.
23:18:46 INFO  : Hardware design information is loaded from 'E:/ECE315/Lab4/Lab4Proj/lab_4_v0.sdk/design_1_wrapper_hw_platform_0/system.hdf'.
23:18:46 INFO  : 'configparams force-mem-access 1' command is executed.
23:18:46 INFO  : Context for 'APU' is selected.
23:18:46 INFO  : 'ps7_init' command is executed.
23:18:46 INFO  : 'ps7_post_config' command is executed.
23:18:46 INFO  : Context for processor 'ps7_cortexa9_0' is selected.
23:18:47 INFO  : The application 'E:/ECE315/Lab4/Lab4Proj/lab_4_v0.sdk/Lab4/Debug/Lab4.elf' is downloaded to processor 'ps7_cortexa9_0'.
23:18:47 INFO  : 'configparams force-mem-access 0' command is executed.
23:18:47 INFO  : ----------------XSDB Script----------------
connect -url tcp:127.0.0.1:3121
source E:/ECE315/Lab4/Lab4Proj/lab_4_v0.sdk/design_1_wrapper_hw_platform_0/ps7_init.tcl
targets -set -nocase -filter {name =~"APU*" && jtag_cable_name =~ "Digilent Zybo Z7 210351AF2515A"} -index 0
rst -system
after 3000
targets -set -filter {jtag_cable_name =~ "Digilent Zybo Z7 210351AF2515A" && level==0} -index 1
fpga -file E:/ECE315/Lab4/Lab4Proj/lab_4_v0.sdk/design_1_wrapper_hw_platform_0/design_1_wrapper.bit
targets -set -nocase -filter {name =~"APU*" && jtag_cable_name =~ "Digilent Zybo Z7 210351AF2515A"} -index 0
loadhw -hw E:/ECE315/Lab4/Lab4Proj/lab_4_v0.sdk/design_1_wrapper_hw_platform_0/system.hdf -mem-ranges [list {0x40000000 0xbfffffff}]
configparams force-mem-access 1
targets -set -nocase -filter {name =~"APU*" && jtag_cable_name =~ "Digilent Zybo Z7 210351AF2515A"} -index 0
ps7_init
ps7_post_config
targets -set -nocase -filter {name =~ "ARM*#0" && jtag_cable_name =~ "Digilent Zybo Z7 210351AF2515A"} -index 0
dow E:/ECE315/Lab4/Lab4Proj/lab_4_v0.sdk/Lab4/Debug/Lab4.elf
configparams force-mem-access 0
----------------End of Script----------------

23:18:47 INFO  : Memory regions updated for context APU
23:18:47 INFO  : Context for processor 'ps7_cortexa9_0' is selected.
23:18:47 INFO  : 'con' command is executed.
23:18:47 INFO  : ----------------XSDB Script (After Launch)----------------
targets -set -nocase -filter {name =~ "ARM*#0" && jtag_cable_name =~ "Digilent Zybo Z7 210351AF2515A"} -index 0
con
----------------End of Script----------------

23:18:47 INFO  : Launch script is exported to file 'E:\ECE315\Lab4\Lab4Proj\lab_4_v0.sdk\.sdk\launch_scripts\xilinx_c-c++_application_(system_debugger)\system_debugger_using_debug_lab4.elf_on_local.tcl'
23:18:56 INFO  : Disconnected from the channel tcfchan#15.
23:18:57 INFO  : Connected to target on host '127.0.0.1' and port '3121'.
23:18:57 INFO  : Jtag cable 'Digilent Zybo Z7 210351AF2515A' is selected.
23:18:57 INFO  : 'jtag frequency' command is executed.
23:18:57 INFO  : Sourcing of 'E:/ECE315/Lab4/Lab4Proj/lab_4_v0.sdk/design_1_wrapper_hw_platform_0/ps7_init.tcl' is done.
23:18:57 INFO  : Context for 'APU' is selected.
23:18:58 INFO  : System reset is completed.
23:19:01 INFO  : 'after 3000' command is executed.
23:19:01 INFO  : 'targets -set -filter {jtag_cable_name =~ "Digilent Zybo Z7 210351AF2515A" && level==0} -index 1' command is executed.
23:19:02 INFO  : FPGA configured successfully with bitstream "E:/ECE315/Lab4/Lab4Proj/lab_4_v0.sdk/design_1_wrapper_hw_platform_0/design_1_wrapper.bit"
23:19:02 INFO  : Context for 'APU' is selected.
23:19:03 INFO  : Hardware design information is loaded from 'E:/ECE315/Lab4/Lab4Proj/lab_4_v0.sdk/design_1_wrapper_hw_platform_0/system.hdf'.
23:19:03 INFO  : 'configparams force-mem-access 1' command is executed.
23:19:03 INFO  : Context for 'APU' is selected.
23:19:03 INFO  : 'ps7_init' command is executed.
23:19:03 INFO  : 'ps7_post_config' command is executed.
23:19:03 INFO  : Context for processor 'ps7_cortexa9_0' is selected.
23:19:03 INFO  : The application 'E:/ECE315/Lab4/Lab4Proj/lab_4_v0.sdk/Lab4/Debug/Lab4.elf' is downloaded to processor 'ps7_cortexa9_0'.
23:19:03 INFO  : 'configparams force-mem-access 0' command is executed.
23:19:03 INFO  : ----------------XSDB Script----------------
connect -url tcp:127.0.0.1:3121
source E:/ECE315/Lab4/Lab4Proj/lab_4_v0.sdk/design_1_wrapper_hw_platform_0/ps7_init.tcl
targets -set -nocase -filter {name =~"APU*" && jtag_cable_name =~ "Digilent Zybo Z7 210351AF2515A"} -index 0
rst -system
after 3000
targets -set -filter {jtag_cable_name =~ "Digilent Zybo Z7 210351AF2515A" && level==0} -index 1
fpga -file E:/ECE315/Lab4/Lab4Proj/lab_4_v0.sdk/design_1_wrapper_hw_platform_0/design_1_wrapper.bit
targets -set -nocase -filter {name =~"APU*" && jtag_cable_name =~ "Digilent Zybo Z7 210351AF2515A"} -index 0
loadhw -hw E:/ECE315/Lab4/Lab4Proj/lab_4_v0.sdk/design_1_wrapper_hw_platform_0/system.hdf -mem-ranges [list {0x40000000 0xbfffffff}]
configparams force-mem-access 1
targets -set -nocase -filter {name =~"APU*" && jtag_cable_name =~ "Digilent Zybo Z7 210351AF2515A"} -index 0
ps7_init
ps7_post_config
targets -set -nocase -filter {name =~ "ARM*#0" && jtag_cable_name =~ "Digilent Zybo Z7 210351AF2515A"} -index 0
dow E:/ECE315/Lab4/Lab4Proj/lab_4_v0.sdk/Lab4/Debug/Lab4.elf
configparams force-mem-access 0
----------------End of Script----------------

23:19:04 INFO  : Memory regions updated for context APU
23:19:04 INFO  : Context for processor 'ps7_cortexa9_0' is selected.
23:19:04 INFO  : 'con' command is executed.
23:19:04 INFO  : ----------------XSDB Script (After Launch)----------------
targets -set -nocase -filter {name =~ "ARM*#0" && jtag_cable_name =~ "Digilent Zybo Z7 210351AF2515A"} -index 0
con
----------------End of Script----------------

23:19:04 INFO  : Launch script is exported to file 'E:\ECE315\Lab4\Lab4Proj\lab_4_v0.sdk\.sdk\launch_scripts\xilinx_c-c++_application_(system_debugger)\system_debugger_using_debug_lab4.elf_on_local.tcl'
23:23:40 INFO  : Disconnected from the channel tcfchan#16.
23:23:41 INFO  : Connected to target on host '127.0.0.1' and port '3121'.
23:23:41 INFO  : Jtag cable 'Digilent Zybo Z7 210351AF2515A' is selected.
23:23:41 INFO  : 'jtag frequency' command is executed.
23:23:41 INFO  : Sourcing of 'E:/ECE315/Lab4/Lab4Proj/lab_4_v0.sdk/design_1_wrapper_hw_platform_0/ps7_init.tcl' is done.
23:23:41 INFO  : Context for 'APU' is selected.
23:23:41 INFO  : System reset is completed.
23:23:44 INFO  : 'after 3000' command is executed.
23:23:45 INFO  : 'targets -set -filter {jtag_cable_name =~ "Digilent Zybo Z7 210351AF2515A" && level==0} -index 1' command is executed.
23:23:46 INFO  : FPGA configured successfully with bitstream "E:/ECE315/Lab4/Lab4Proj/lab_4_v0.sdk/design_1_wrapper_hw_platform_0/design_1_wrapper.bit"
23:23:46 INFO  : Context for 'APU' is selected.
23:23:47 INFO  : Hardware design information is loaded from 'E:/ECE315/Lab4/Lab4Proj/lab_4_v0.sdk/design_1_wrapper_hw_platform_0/system.hdf'.
23:23:47 INFO  : 'configparams force-mem-access 1' command is executed.
23:23:47 INFO  : Context for 'APU' is selected.
23:23:47 INFO  : 'ps7_init' command is executed.
23:23:47 INFO  : 'ps7_post_config' command is executed.
23:23:47 INFO  : Context for processor 'ps7_cortexa9_0' is selected.
23:23:47 INFO  : The application 'E:/ECE315/Lab4/Lab4Proj/lab_4_v0.sdk/Lab4/Debug/Lab4.elf' is downloaded to processor 'ps7_cortexa9_0'.
23:23:47 INFO  : 'configparams force-mem-access 0' command is executed.
23:23:47 INFO  : ----------------XSDB Script----------------
connect -url tcp:127.0.0.1:3121
source E:/ECE315/Lab4/Lab4Proj/lab_4_v0.sdk/design_1_wrapper_hw_platform_0/ps7_init.tcl
targets -set -nocase -filter {name =~"APU*" && jtag_cable_name =~ "Digilent Zybo Z7 210351AF2515A"} -index 0
rst -system
after 3000
targets -set -filter {jtag_cable_name =~ "Digilent Zybo Z7 210351AF2515A" && level==0} -index 1
fpga -file E:/ECE315/Lab4/Lab4Proj/lab_4_v0.sdk/design_1_wrapper_hw_platform_0/design_1_wrapper.bit
targets -set -nocase -filter {name =~"APU*" && jtag_cable_name =~ "Digilent Zybo Z7 210351AF2515A"} -index 0
loadhw -hw E:/ECE315/Lab4/Lab4Proj/lab_4_v0.sdk/design_1_wrapper_hw_platform_0/system.hdf -mem-ranges [list {0x40000000 0xbfffffff}]
configparams force-mem-access 1
targets -set -nocase -filter {name =~"APU*" && jtag_cable_name =~ "Digilent Zybo Z7 210351AF2515A"} -index 0
ps7_init
ps7_post_config
targets -set -nocase -filter {name =~ "ARM*#0" && jtag_cable_name =~ "Digilent Zybo Z7 210351AF2515A"} -index 0
dow E:/ECE315/Lab4/Lab4Proj/lab_4_v0.sdk/Lab4/Debug/Lab4.elf
configparams force-mem-access 0
----------------End of Script----------------

23:23:47 INFO  : Memory regions updated for context APU
23:23:47 INFO  : Context for processor 'ps7_cortexa9_0' is selected.
23:23:47 INFO  : 'con' command is executed.
23:23:47 INFO  : ----------------XSDB Script (After Launch)----------------
targets -set -nocase -filter {name =~ "ARM*#0" && jtag_cable_name =~ "Digilent Zybo Z7 210351AF2515A"} -index 0
con
----------------End of Script----------------

23:23:47 INFO  : Launch script is exported to file 'E:\ECE315\Lab4\Lab4Proj\lab_4_v0.sdk\.sdk\launch_scripts\xilinx_c-c++_application_(system_debugger)\system_debugger_using_debug_lab4.elf_on_local.tcl'
00:58:34 INFO  : Disconnected from the channel tcfchan#17.
