#-----------------------------------------------------------
# Vivado v2019.1 (64-bit)
# SW Build 2552052 on Fri May 24 14:49:42 MDT 2019
# IP Build 2548770 on Fri May 24 18:01:18 MDT 2019
# Start of session at: Tue Mar 15 14:23:54 2022
# Process ID: 7948
# Current directory: C:/Users/chengxua/Lab4/lab_4_v0
# Command line: vivado.exe -gui_launcher_event rodinguilauncherevent9904 C:\Users\chengxua\Lab4\lab_4_v0\lab_4_v0.xpr
# Log file: C:/Users/chengxua/Lab4/lab_4_v0/vivado.log
# Journal file: C:/Users/chengxua/Lab4/lab_4_v0\vivado.jou
#-----------------------------------------------------------
start_gui
open_project C:/Users/chengxua/Lab4/lab_4_v0/lab_4_v0.xpr
INFO: [Project 1-313] Project file moved from 'C:/Users/bfcoc/zynq_practice/ECE_315_WINTER_2021_LABS/lab_4_v0' since last save.
Scanning sources...
Finished scanning sources
INFO: [IP_Flow 19-234] Refreshing IP repositories
INFO: [IP_Flow 19-1704] No user IP repositories specified
INFO: [IP_Flow 19-2313] Loaded Vivado IP repository 'C:/Xilinx/Vivado/2019.1/data/ip'.
open_project: Time (s): cpu = 00:00:21 ; elapsed = 00:00:13 . Memory (MB): peak = 740.809 ; gain = 159.773
update_compile_order -fileset sources_1
reset_run synth_1
launch_runs impl_1 -to_step write_bitstream -jobs 8
[Tue Mar 15 14:24:57 2022] Launched synth_1...
Run output will be captured here: C:/Users/chengxua/Lab4/lab_4_v0/lab_4_v0.runs/synth_1/runme.log
[Tue Mar 15 14:24:57 2022] Launched impl_1...
Run output will be captured here: C:/Users/chengxua/Lab4/lab_4_v0/lab_4_v0.runs/impl_1/runme.log
file mkdir C:/Users/chengxua/Lab4/lab_4_v0/lab_4_v0.sdk
file copy -force C:/Users/chengxua/Lab4/lab_4_v0/lab_4_v0.runs/impl_1/design_1_wrapper.sysdef C:/Users/chengxua/Lab4/lab_4_v0/lab_4_v0.sdk/design_1_wrapper.hdf

launch_sdk -workspace C:/Users/chengxua/Lab4/lab_4_v0/lab_4_v0.sdk -hwspec C:/Users/chengxua/Lab4/lab_4_v0/lab_4_v0.sdk/design_1_wrapper.hdf
INFO: [Vivado 12-393] Launching SDK...
INFO: [Vivado 12-417] Running xsdk -workspace C:/Users/chengxua/Lab4/lab_4_v0/lab_4_v0.sdk -hwspec C:/Users/chengxua/Lab4/lab_4_v0/lab_4_v0.sdk/design_1_wrapper.hdf
INFO: [Vivado 12-3157] SDK launch initiated. Please check console for any further messages.
