#-----------------------------------------------------------
# Webtalk v2019.1 (64-bit)
# SW Build 2552052 on Fri May 24 14:49:42 MDT 2019
# 
# Start of session at: Tue Mar 22 22:23:09 2022
# Process ID: 9880
# Current directory: E:/ECE315/Lab3/Lab3Proj/lab3_SPI.sdk/webtalk
# Command line: wbtcv.exe -mode batch -source sdk_webtalk.tcl
# Log file: E:/ECE315/Lab3/Lab3Proj/lab3_SPI.sdk/webtalk/webtalk.log
# Journal file: E:/ECE315/Lab3/Lab3Proj/lab3_SPI.sdk/webtalk\webtalk.jou
#-----------------------------------------------------------
source sdk_webtalk.tcl
# webtalk_init -webtalk_dir E:\\ECE315\\Lab3\\Lab3Proj\\lab3_SPI.sdk\\webtalk
# webtalk_register_client -client project
# webtalk_add_data -client project -key date_generated -value "2022-03-22 22:23:07" -context "software_version_and_target_device"
# webtalk_add_data -client project -key product_version -value "SDK v2019.1" -context "software_version_and_target_device"
# webtalk_add_data -client project -key build_version -value "2019.1" -context "software_version_and_target_device"
# webtalk_add_data -client project -key os_platform -value "amd64" -context "software_version_and_target_device"
# webtalk_add_data -client project -key registration_id -value "" -context "software_version_and_target_device"
# webtalk_add_data -client project -key tool_flow -value "SDK" -context "software_version_and_target_device"
# webtalk_add_data -client project -key beta -value "false" -context "software_version_and_target_device"
# webtalk_add_data -client project -key route_design -value "NA" -context "software_version_and_target_device"
# webtalk_add_data -client project -key target_family -value "NA" -context "software_version_and_target_device"
# webtalk_add_data -client project -key target_device -value "NA" -context "software_version_and_target_device"
# webtalk_add_data -client project -key target_package -value "NA" -context "software_version_and_target_device"
# webtalk_add_data -client project -key target_speed -value "NA" -context "software_version_and_target_device"
# webtalk_add_data -client project -key random_id -value "9jlmed1qn04e9uvuen8mgqf8t9" -context "software_version_and_target_device"
# webtalk_add_data -client project -key project_id -value "2019.1_5" -context "software_version_and_target_device"
# webtalk_add_data -client project -key project_iteration -value "5" -context "software_version_and_target_device"
# webtalk_add_data -client project -key os_name -value "Microsoft Windows 8 or later , 64-bit" -context "user_environment"
# webtalk_add_data -client project -key os_release -value "major release  (build 9200)" -context "user_environment"
# webtalk_add_data -client project -key cpu_name -value "AMD Ryzen 5 3600 6-Core Processor              " -context "user_environment"
# webtalk_add_data -client project -key cpu_speed -value "4200 MHz" -context "user_environment"
# webtalk_add_data -client project -key total_processors -value "2" -context "user_environment"
# webtalk_add_data -client project -key system_ram -value "17.130 GB" -context "user_environment"
# webtalk_register_client -client sdk
# webtalk_add_data -client sdk -key uid -value "1647978880649" -context "sdk\\\\hardware/1647978880649"
# webtalk_add_data -client sdk -key isZynq -value "true" -context "sdk\\\\hardware/1647978880649"
# webtalk_add_data -client sdk -key isZynqMP -value "false" -context "sdk\\\\hardware/1647978880649"
# webtalk_add_data -client sdk -key Processors -value "2" -context "sdk\\\\hardware/1647978880649"
# webtalk_add_data -client sdk -key VivadoVersion -value "2019.1" -context "sdk\\\\hardware/1647978880649"
# webtalk_add_data -client sdk -key Arch -value "zynq" -context "sdk\\\\hardware/1647978880649"
# webtalk_add_data -client sdk -key Device -value "7z010" -context "sdk\\\\hardware/1647978880649"
# webtalk_add_data -client sdk -key IsHandoff -value "true" -context "sdk\\\\hardware/1647978880649"
# webtalk_add_data -client sdk -key os -value "NA" -context "sdk\\\\hardware/1647978880649"
# webtalk_add_data -client sdk -key apptemplate -value "NA" -context "sdk\\\\hardware/1647978880649"
# webtalk_add_data -client sdk -key RecordType -value "HWCreation" -context "sdk\\\\hardware/1647978880649"
# webtalk_add_data -client sdk -key uid -value "1647978929328" -context "sdk\\\\bsp/1647978929328"
# webtalk_add_data -client sdk -key hwid -value "1647978880649" -context "sdk\\\\bsp/1647978929328"
# webtalk_add_data -client sdk -key os -value "freertos10_xilinx" -context "sdk\\\\bsp/1647978929328"
# webtalk_add_data -client sdk -key apptemplate -value "freertos_hello_world" -context "sdk\\\\bsp/1647978929328"
# webtalk_add_data -client sdk -key RecordType -value "BSPCreation" -context "sdk\\\\bsp/1647978929328"
# webtalk_add_data -client sdk -key uid -value "1647978930455" -context "sdk\\\\application/1647978930455"
# webtalk_add_data -client sdk -key hwid -value "1647978880649" -context "sdk\\\\application/1647978930455"
# webtalk_add_data -client sdk -key bspid -value "1647978929328" -context "sdk\\\\application/1647978930455"
# webtalk_add_data -client sdk -key newbsp -value "true" -context "sdk\\\\application/1647978930455"
# webtalk_add_data -client sdk -key os -value "freertos10_xilinx" -context "sdk\\\\application/1647978930455"
# webtalk_add_data -client sdk -key apptemplate -value "freertos_hello_world" -context "sdk\\\\application/1647978930455"
# webtalk_add_data -client sdk -key RecordType -value "APPCreation" -context "sdk\\\\application/1647978930455"
# webtalk_add_data -client sdk -key LangUsed -value "C" -context "sdk\\\\application/1647978930455"
# webtalk_add_data -client sdk -key Procused -value "ps7_cortexa9" -context "sdk\\\\application/1647978930455"
# webtalk_add_data -client sdk -key projSize -value "595.3359375" -context "sdk\\\\application/1647978930455"
# webtalk_add_data -client sdk -key uid -value "NA" -context "sdk\\\\bsp/1648009387819"
# webtalk_add_data -client sdk -key RecordType -value "ToolUsage" -context "sdk\\\\bsp/1648009387819"
# webtalk_add_data -client sdk -key BootgenCount -value "0" -context "sdk\\\\bsp/1648009387819"
# webtalk_add_data -client sdk -key DebugCount -value "20" -context "sdk\\\\bsp/1648009387819"
# webtalk_add_data -client sdk -key PerfCount -value "0" -context "sdk\\\\bsp/1648009387819"
# webtalk_add_data -client sdk -key FlashCount -value "0" -context "sdk\\\\bsp/1648009387819"
# webtalk_add_data -client sdk -key CrossTriggCount -value "0" -context "sdk\\\\bsp/1648009387819"
# webtalk_add_data -client sdk -key QemuDebugCount -value "0" -context "sdk\\\\bsp/1648009387819"
# webtalk_transmit -clientid 2490041171 -regid "" -xml E:\\ECE315\\Lab3\\Lab3Proj\\lab3_SPI.sdk\\webtalk\\usage_statistics_ext_sdk.xml -html E:\\ECE315\\Lab3\\Lab3Proj\\lab3_SPI.sdk\\webtalk\\usage_statistics_ext_sdk.html -wdm E:\\ECE315\\Lab3\\Lab3Proj\\lab3_SPI.sdk\\webtalk\\sdk_webtalk.wdm -intro "<H3>SDK Usage Report</H3><BR>"
# webtalk_terminate
INFO: [Common 17-206] Exiting Webtalk at Tue Mar 22 22:23:11 2022...
